5515
1991 1992
529 530
8003 8004
6564 6565
4741 4742
9870 9871
1144 1145
8294 8295
6052 6053
2032 2033
2303 2304
4972 4973
5694 5695
9302 9303
4726 4727
5170 5171
7835 7836
4831 4832
8228 8229
8909 8910
3119 3120
741 742
5795 5796
5365 5366
8631 8632
9386 9387
10042 10043
1970 1971
4376 4377
9464 9465
8890 8891
10941 10942
8080 8081
544 545
8424 8425
3572 3573
10817 10818
5448 5449
7497 7498
7686 7687
6877 6878
2730 2731
4176 4177
1000 1001
1861 1862
3413 3414
4386 4387
3598 3599
2899 2900
2141 2142
3494 3495
1738 1739
10147 10148
716 717
768 769
3730 3731
6892 6893
7789 7790
4466 4467
10431 10432
4918 4919
2094 2095
7803 7804
4350 4351
7053 7054
2194 2195
3920 3921
6222 6223
6891 6894
8513 8514
9962 9963
10203 10204
10641 10642
6771 6772
7548 7549
1839 1840
4938 4939
1250 1251
1332 1333
2254 2255
9178 9179
8537 8538
9751 9752
7351 7352
5049 5050
2131 2132
5030 5031
5011 5012
8814 8815
3155 3156
7942 7943
10666 10667
4188 4189
9627 9628
8195 8196
1765 1766
4293 4294
9031 9032
9560 9561
7063 7064
673 674
2214 2215
6946 6947
9932 9933
10200 10201
5183 5184
1537 1538
2757 2758
8494 8495
2588 2589
10440 10441
4475 4476
74 75
5775 5776
8786 8787
9255 9256
3265 3266
8719 8720
813 814
100 101
10486 10487
5493 5494
6102 6103
10820 10821
8784 8785
7397 7398
5341 5342
7269 7270
5719 5720
6537 6538
10074 10075
949 950
6295 6296
6044 6045
9134 9135
5163 5164
5774 5777
9947 9948
134 135
3858 3859
4077 4078
5587 5588
3659 3660
5204 5205
8595 8596
8162 8163
7953 7954
3867 3868
702 703
7447 7448
9726 9727
5797 5798
1864 1865
6237 6238
465 466
8249 8250
5708 5709
1223 1224
5684 5685
1469 1470
1105 1106
8728 8729
3723 3724
5068 5069
6862 6863
5512 5513
9712 9713
9082 9083
2974 2975
4840 4841
5333 5334
8131 8132
397 398
4472 4473
3786 3787
3836 3837
1906 1907
4898 4899
6131 6132
9365 9366
1722 1723
7598 7599
5151 5152
11 12
10610 10611
6039 6040
6309 6310
1975 1976
2381 2382
2380 2383
10084 10085
3394 3395
9422 9423
10467 10468
4211 4212
908 909
1363 1364
2055 2056
3541 3542
7876 7877
6640 6641
6382 6383
1066 1067
7614 7615
10557 10558
7412 7413
5533 5534
6401 6402
7639 7640
3385 3386
7947 7948
1640 1641
5792 5793
4977 4978
4572 4573
9176 9177
10663 10664
10142 10143
105 106
2164 2165
1826 1827
9216 9217
10653 10654
1682 1683
2160 2161
5963 5964
7717 7718
6810 6811
6389 6390
1126 1127
7291 7292
8448 8449
6951 6952
6388 6391
2169 2170
8739 8740
8558 8559
482 483
5305 5306
9720 9721
5727 5728
569 570
7607 7608
9300 9301
6193 6194
3474 3475
7405 7406
2502 2503
3648 3649
3647 3650
6300 6301
1726 1727
10456 10457
10306 10307
6404 6405
8385 8386
8421 8422
7903 7904
10077 10078
6130 6133
10846 10847
47 48
340 341
7373 7374
10283 10284
9101 9102
9951 9952
9950 9953
7678 7679
8274 8275
3282 3283
5823 5824
210 211
150 151
2480 2481
2062 2063
7263 7264
2892 2893
7037 7038
2927 2928
3665 3666
10472 10473
747 748
5818 5819
2917 2918
5296 5297
5295 5298
3982 3983
6596 6597
2737 2738
1095 1096
11062 11063
1609 1610
3342 3343
8938 8939
2781 2782
9342 9343
10601 10602
3824 3825
4521 4522
173 174
172 175
2954 2955
6011 6012
7245 7246
8034 8035
9863 9864
5246 5247
3602 3603
5841 5842
7710 7711
7417 7418
7416 7419
9247 9248
1749 1750
2157 2158
6321 6322
6376 6377
10378 10379
6524 6525
831 832
10959 10960
689 690
3464 3465
1039 1040
442 443
7475 7476
7577 7578
1226 1227
1714 1715
11033 11034
8615 8616
5272 5273
6190 6191
1764 1767
1763 1768
9231 9232
2344 2345
2607 2608
1782 1783
3608 3609
3228 3229
2003 2004
7014 7015
5752 5753
543 546
3020 3021
5303 5304
6787 6788
3422 3423
3555 3556
236 237
5066 5067
1158 1159
5426 5427
2081 2082
4879 4880
4389 4390
7587 7588
5931 5932
4120 4121
533 534
3452 3453
10404 10405
10403 10406
1905 1908
885 886
140 141
958 959
3105 3106
2883 2884
3694 3695
9336 9337
1405 1406
300 301
299 302
10986 10987
864 865
6688 6689
14 15
7241 7242
4433 4434
4432 4435
5158 5159
5127 5128
7114 7115
2856 2857
10482 10483
3939 3940
1956 1957
8420 8423
6507 6508
1817 1818
2400 2401
10415 10416
1004 1005
65 66
4462 4463
10057 10058
1294 1295
2184 2185
8662 8663
9592 9593
2451 2452
10458 10459
7902 7905
287 288
2564 2565
3391 3392
4599 4600
8113 8114
51 52
1799 1800
3337 3338
7250 7251
10646 10647
9898 9899
3511 3512
6627 6628
9012 9013
7814 7815
7324 7325
1113 1114
4644 4645
5550 5551
5101 5102
1845 1846
7509 7510
5806 5807
10066 10067
54 55
7455 7456
1326 1327
2059 2060
9625 9626
2424 2425
2920 2921
4809 4810
3890 3891
11056 11057
8624 8625
5010 5013
10783 10784
7332 7333
10412 10413
3214 3215
1413 1414
8051 8052
6706 6707
2797 2798
8141 8142
1266 1267
6980 6981
4541 4542
8665 8666
10581 10582
9911 9912
9035 9036
9218 9219
4073 4074
6086 6087
6727 6728
1579 1580
779 780
10540 10541
1929 1930
2639 2640
6928 6929
7576 7579
9930 9931
2772 2773
4729 4730
4960 4961
1855 1856
2827 2828
1918 1919
5996 5997
6652 6653
6651 6654
3802 3803
10994 10995
7748 7749
7801 7802
9358 9359
8301 8302
3351 3352
3350 3353
9112 9113
362 363
2654 2655
3975 3976
6434 6435
1557 1558
8115 8116
9645 9646
3340 3341
4949 4950
6437 6438
3524 3525
8459 8460
5726 5729
1083 1084
770 771
11023 11024
323 324
1054 1055
2705 2706
4147 4148
4525 4526
1740 1741
3467 3468
7108 7109
2075 2076
227 228
7039 7040
3840 3841
4881 4882
1851 1852
5638 5639
898 899
1508 1509
1030 1031
8749 8750
1163 1164
4410 4411
176 177
5310 5311
2637 2638
1384 1385
2415 2416
516 517
3729 3732
8334 8335
598 599
4482 4483
3377 3378
8915 8916
8270 8271
8109 8110
9673 9674
130 131
7212 7213
868 869
9661 9662
2086 2087
9005 9006
1441 1442
6730 6731
7074 7075
10705 10706
9909 9910
4964 4965
9958 9959
8733 8734
10665 10668
10662 10669
4502 4503
989 990
6733 6734
4275 4276
2932 2933
9451 9452
2443 2444
9858 9859
4091 4092
5585 5586
9166 9167
9165 9168
9766 9767
10811 10812
6845 6846
6844 6847
7592 7593
3897 3898
5571 5572
3301 3302
8897 8898
3915 3916
1400 1401
7853 7854
10333 10334
4748 4749
6701 6702
10814 10815
1017 1018
3456 3457
4009 4010
1277 1278
396 399
6475 6476
8699 8700
3160 3161
3192 3193
2612 2613
6285 6286
917 918
9822 9823
9487 9488
5145 5146
8622 8623
2276 2277
932 933
10315 10316
4822 4823
5530 5531
3687 3688
7623 7624
3544 3545
1725 1728
7580 7581
10625 10626
800 801
4997 4998
8529 8530
10722 10723
8489 8490
9582 9583
6177 6178
63 64
9357 9360
6773 6774
3118 3121
5733 5734
651 652
5960 5961
10501 10502
2287 2288
9971 9972
316 317
10170 10171
9427 9428
2030 2031
5139 5140
8341 8342
10763 10764
1518 1519
10068 10069
10208 10209
147 148
7555 7556
10493 10494
4813 4814
10858 10859
10645 10648
49 50
46 53
3195 3196
10082 10083
5541 5542
6399 6400
2498 2499
891 892
9614 9615
10475 10476
10797 10798
3427 3428
3426 3429
10388 10389
4889 4890
10373 10374
1350 1351
7386 7387
103 104
73 76
548 549
3622 3623
6090 6091
32 33
2167 2168
2166 2171
4106 4107
4105 4108
4613 4614
2912 2913
9749 9750
3751 3752
4652 4653
6672 6673
8510 8511
4605 4606
5563 5564
5746 5747
809 810
5495 5496
5492 5497
7404 7407
8998 8999
8580 8581
8016 8017
5785 5786
5979 5980
2316 2317
2500 2501
916 919
6592 6593
9734 9735
6843 6848
5619 5620
4819 4820
5938 5939
4756 4757
9441 9442
6923 6924
2691 2692
2690 2693
8817 8818
5118 5119
8044 8045
2283 2284
5369 5370
5368 5371
5367 5372
6430 6431
284 285
4800 4801
2370 2371
2369 2372
4191 4192
4900 4901
966 967
1699 1700
2915 2916
5063 5064
3399 3400
3398 3401
2853 2854
39 40
4946 4947
7274 7275
5454 5455
8620 8621
6872 6873
5374 5375
10990 10991
3627 3628
4280 4281
4439 4440
6608 6609
2582 2583
2581 2584
1917 1920
7389 7390
10765 10766
815 816
812 817
577 578
8237 8238
4555 4556
5589 5590
3404 3405
6370 6371
10948 10949
8187 8188
3101 3102
6175 6176
5922 5923
8725 8726
6488 6489
4731 4732
3889 3892
6418 6419
8509 8512
4413 4414
5914 5915
7671 7672
7670 7673
10897 10898
8032 8033
1964 1965
5843 5844
5704 5705
3005 3006
81 82
6270 6271
6269 6272
8160 8161
8008 8009
9684 9685
10741 10742
10740 10743
4339 4340
7409 7410
7408 7411
7842 7843
5517 5518
3016 3017
5993 5994
617 618
3843 3844
4014 4015
6458 6459
11045 11046
6290 6291
2905 2906
1207 1208
311 312
8011 8012
669 670
4763 4764
3216 3217
5678 5679
6304 6305
10158 10159
2483 2484
9882 9883
10128 10129
7463 7464
5828 5829
7435 7436
5107 5108
821 822
820 823
5557 5558
9388 9389
2023 2024
9856 9857
7769 7770
165 166
164 167
241 242
1154 1155
8618 8619
7916 7917
4403 4404
4492 4493
2852 2855
7534 7535
1289 1290
8766 8767
8765 8768
9434 9435
4989 4990
2420 2421
7377 7378
9253 9254
4498 4499
8159 8164
9564 9565
3235 3236
6387 6392
7451 7452
9776 9777
10156 10157
9527 9528
10624 10627
5019 5020
10354 10355
5094 5095
2958 2959
9760 9761
9759 9762
2068 2069
2067 2070
1869 1870
4752 4753
1599 1600
6249 6250
3696 3697
4343 4344
1806 1807
4812 4815
1059 1060
5602 5603
9500 9501
622 623
4416 4417
9326 9327
10780 10781
10779 10782
3240 3241
5161 5162
10056 10059
1985 1986
2433 2434
2778 2779
2675 2676
6006 6007
7955 7956
2595 2596
132 133
8217 8218
6759 6760
3819 3820
9333 9334
268 269
4362 4363
10954 10955
2556 2557
8001 8002
10862 10863
4850 4851
5256 5257
2652 2653
5251 5252
10080 10081
11042 11043
8254 8255
8253 8256
923 924
2470 2471
154 155
10927 10928
118 119
3208 3209
5815 5816
6327 6328
2820 2821
400 401
11001 11002
11000 11003
6745 6746
6029 6030
6122 6123
4043 4044
7630 7631
7629 7632
1014 1015
9471 9472
441 444
2947 2948
1499 1500
8845 8846
5870 5871
2175 2176
8306 8307
8305 8308
10658 10659
3205 3206
4861 4862
8075 8076
1916 1921
4210 4213
4209 4214
5373 5376
5364 5377
2102 2103
2659 2660
4701 4702
2661 2662
2496 2497
4026 4027
4885 4886
9059 9060
3397 3402
1008 1009
3389 3390
5612 5613
5208 5209
1493 1494
9580 9581
9579 9584
1944 1945
7336 7337
4575 4576
10500 10503
9553 9554
3165 3166
7502 7503
2180 2181
416 417
3861 3862
6265 6266
763 764
8695 8696
1544 1545
6742 6743
10262 10263
2735 2736
4869 4870
10089 10090
10292 10293
7610 7611
5005 5006
3103 3104
1409 1410
10188 10189
6570 6571
3455 3458
3239 3242
4935 4936
5615 5616
8770 8771
5444 5445
5443 5446
1612 1613
79 80
2152 2153
7680 7681
6447 6448
3720 3721
3486 3487
5038 5039
9210 9211
6054 6055
1372 1373
777 778
11020 11021
433 434
432 435
7726 7727
7170 7171
5651 5652
9094 9095
1450 1451
5658 5659
5086 5087
2388 2389
2387 2390
231 232
9974 9975
633 634
632 635
4562 4563
9876 9877
10425 10426
2256 2257
9047 9048
6440 6441
43 44
6522 6523
3526 3527
5839 5840
1847 1848
99 102
6261 6262
1179 1180
5624 5625
322 325
9262 9263
9261 9264
10698 10699
10697 10700
850 851
3290 3291
2263 2264
2224 2225
6035 6036
4849 4852
1130 1131
5213 5214
5212 5215
3003 3004
10046 10047
9804 9805
6070 6071
6069 6072
7799 7800
9038 9039
9447 9448
9764 9765
6864 6865
4781 4782
3907 3908
5356 5357
8288 8289
7831 7832
2435 2436
5027 5028
2457 2458
7308 7309
6181 6182
6636 6637
4629 4630
7618 7619
4873 4874
775 776
4532 4533
10495 10496
3418 3419
8465 8466
4140 4141
5002 5003
8995 8996
243 244
476 477
3567 3568
9437 9438
2866 2867
7483 7484
372 373
371 374
8988 8989
3307 3308
6722 6723
3612 3613
6467 6468
7856 7857
10923 10924
743 744
10511 10512
2178 2179
2338 2339
375 376
5404 5405
10223 10224
7217 7218
8694 8697
1676 1677
8932 8933
6703 6704
9970 9973
4002 4003
4001 4004
4000 4005
8762 8763
1562 1563
4278 4279
1086 1087
7268 7271
7267 7272
9806 9807
10534 10535
10533 10536
1140 1141
10363 10364
212 213
10830 10831
10471 10474
4587 4588
9960 9961
8643 8644
10446 10447
7148 7149
10366 10367
5025 5026
10028 10029
2373 2374
9347 9348
3058 3059
2605 2606
1925 1926
1924 1927
535 536
2313 2314
6079 6080
6914 6915
8863 8864
10001 10002
8133 8134
9770 9771
1063 1064
4984 4985
4983 4986
3992 3993
1119 1120
10840 10841
1850 1853
1849 1854
2668 2669
520 521
3764 3765
94 95
1080 1081
6163 6164
6162 6165
5262 5263
7742 7743
7741 7744
7740 7745
1666 1667
2253 2258
5934 5935
8057 8058
10321 10322
3717 3718
7130 7131
10370 10371
10527 10528
8458 8461
8457 8462
10285 10286
350 351
2092 2093
9037 9040
3070 3071
1321 1322
1320 1323
1446 1447
1445 1448
709 710
708 711
8488 8491
3145 3146
2311 2312
10929 10930
10411 10414
271 272
5072 5073
5071 5074
5070 5075
2877 2878
2362 2363
10185 10186
10184 10187
10266 10267
7491 7492
8374 8375
7004 7005
2774 2775
10350 10351
1274 1275
7423 7424
5088 5089
5228 5229
9126 9127
3218 3219
3213 3220
3953 3954
6334 6335
3117 3122
5090 5091
1193 1194
2159 2162
2517 2518
1622 1623
1621 1624
9567 9568
3806 3807
3805 3808
5391 5392
8783 8788
4976 4979
3009 3010
5284 5285
5283 5286
10996 10997
2006 2007
4684 4685
3022 3023
6536 6539
1236 1237
8520 8521
8519 8522
6647 6648
77 78
2577 2578
2926 2929
2925 2930
5174 5175
5976 5977
7721 7722
3829 3830
9103 9104
9100 9105
314 315
8339 8340
1148 1149
2769 2770
5178 5179
2279 2280
2343 2346
2450 2453
2147 2148
321 326
9904 9905
2119 2120
2118 2121
3500 3501
9476 9477
10918 10919
6248 6251
4693 4694
9241 9242
6330 6331
9647 9648
10709 10710
3676 3677
781 782
774 783
5802 5803
6645 6646
2242 2243
2629 2630
7444 7445
7443 7446
914 915
2419 2422
3902 3903
10849 10850
1061 1062
5210 5211
5910 5911
5909 5912
3057 3060
8779 8780
8902 8903
7965 7966
7964 7967
1393 1394
9865 9866
9618 9619
3587 3588
3586 3589
3929 3930
4368 4369
10332 10335
7383 7384
8278 8279
603 604
6700 6705
9936 9937
413 414
9194 9195
5465 5466
5464 5467
5463 5468
4615 4616
4612 4617
4969 4970
7575 7582
10910 10911
9563 9566
2708 2709
10522 10523
10521 10524
10520 10525
7430 7431
5805 5808
2495 2504
3300 3303
9228 9229
6264 6267
4926 4927
4925 4928
5084 5085
5083 5092
7879 7880
6493 6494
6492 6495
1582 1583
8140 8143
10992 10993
5328 5329
1659 1660
1658 1661
4954 4955
4953 4956
6880 6881
4835 4836
2972 2973
10462 10463
2272 2273
4314 4315
4779 4780
3711 3712
8645 8646
5974 5975
8137 8138
192 193
852 853
849 854
1996 1997
9827 9828
4921 4922
5663 5664
36 37
5992 5995
10577 10578
1313 1314
1312 1315
7392 7393
5433 5434
4980 4981
5498 5499
4911 4912
474 475
473 478
1073 1074
5713 5714
2563 2566
2562 2567
4094 4095
5021 5022
9672 9675
3081 3082
3505 3506
4357 4358
8157 8158
8099 8100
1542 1543
4988 4991
9523 9524
2296 2297
2295 2298
3327 3328
9708 9709
4468 4469
4465 4470
1234 1235
9635 9636
9140 9141
8638 8639
8637 8640
10656 10657
10362 10365
4568 4569
7532 7533
3652 3653
8023 8024
1203 1204
204 205
203 206
10420 10421
10419 10422
6856 6857
426 427
6436 6439
6433 6442
9779 9780
7135 7136
7739 7746
3189 3190
9633 9634
8010 8013
734 735
1241 1242
1240 1243
2969 2970
2968 2971
3359 3360
8281 8282
10428 10429
8819 8820
902 903
1466 1467
2585 2586
6511 6512
9789 9790
9788 9791
4297 4298
7259 7260
8297 8298
773 784
110 111
2784 2785
6314 6315
8899 8900
5924 5925
467 468
5857 5858
1047 1048
9808 9809
5056 5057
5055 5058
5054 5059
5053 5060
5052 5061
3592 3593
6959 6960
6151 6152
10481 10484
5000 5001
3784 3785
5153 5154
6770 6775
9412 9413
8066 8067
1527 1528
4086 4087
7583 7584
7207 7208
4743 4744
10088 10091
671 672
8668 8669
9555 9556
422 423
421 424
1737 1742
4393 4394
7122 7123
4904 4905
3135 3136
3504 3507
7429 7432
6219 6220
6203 6204
7505 7506
10900 10901
10899 10902
5134 5135
6065 6066
293 294
4760 4761
1347 1348
3538 3539
3471 3472
2604 2609
3425 3430
3433 3434
2116 2117
8919 8920
8918 8921
8225 8226
1824 1825
1823 1828
1256 1257
1038 1041
1037 1042
6473 6474
9375 9376
1541 1546
9499 9502
953 954
9068 9069
8758 8759
7327 7328
5325 5326
10826 10827
10825 10828
5166 5167
6781 6782
10065 10070
10064 10071
5567 5568
7648 7649
7539 7540
5608 5609
4296 4299
4295 4300
9429 9430
3684 3685
8611 8612
6166 6167
6161 6168
4454 4455
3116 3123
3115 3124
9354 9355
9291 9292
9695 9696
8234 8235
8610 8613
3046 3047
3045 3048
10241 10242
1143 1146
5650 5653
5649 5654
5648 5655
7183 7184
10150 10151
8571 8572
8321 8322
2796 2799
2485 2486
10025 10026
10024 10027
10023 10030
837 838
8528 8531
4619 4620
7487 7488
7139 7140
4333 4334
6748 6749
10251 10252
10250 10253
588 589
4534 4535
5400 5401
7022 7023
5859 5860
2204 2205
8400 8401
5077 5078
9157 9158
9483 9484
9486 9489
9485 9490
11065 11066
3980 3981
10877 10878
1655 1656
6451 6452
5879 5880
1982 1983
6506 6509
9041 9042
10193 10194
10100 10101
4804 4805
7153 7154
5004 5007
4999 5008
2247 2248
4893 4894
9811 9812
8838 8839
590 591
3176 3177
3927 3928
5544 5545
2538 2539
2352 2353
2351 2354
6361 6362
2154 2155
4682 4683
1882 1883
2478 2479
10554 10555
4844 4845
178 179
6780 6783
943 944
4690 4691
7008 7009
10006 10007
10005 10008
2163 2172
2831 2832
5611 5614
7826 7827
1774 1775
1773 1776
7145 7146
377 378
5510 5511
5716 5717
6200 6201
1411 1412
6986 6987
1245 1246
1646 1647
6021 6022
1152 1153
1472 1473
6056 6057
6051 6058
7663 7664
3203 3204
3202 3207
3849 3850
6978 6979
8847 8848
6949 6950
3554 3557
10105 10106
10104 10107
1455 1456
9097 9098
5099 5100
5952 5953
1220 1221
87 88
1554 1555
1553 1556
5453 5456
6216 6217
4364 4365
4877 4878
2107 2108
2106 2109
2982 2983
2981 2984
3951 3952
8882 8883
4496 4497
5009 5014
5268 5269
1403 1404
137 138
2202 2203
9316 9317
4025 4028
4024 4029
1421 1422
4261 4262
3565 3566
1107 1108
3491 3492
3922 3923
2594 2597
6922 6925
2143 2144
1904 1909
10183 10190
3739 3740
8387 8388
4712 4713
7082 7083
7081 7084
4903 4906
3989 3990
303 304
5543 5546
1368 1369
3642 3643
1121 1122
1118 1123
1247 1248
1244 1249
1239 1252
9681 9682
508 509
7660 7661
2213 2216
10393 10394
10392 10395
3932 3933
7674 7675
4181 4182
9033 9034
6312 6313
8971 8972
2526 2527
2525 2528
2493 2494
10012 10013
625 626
10971 10972
3130 3131
6600 6601
1953 1954
5126 5129
4767 4768
5779 5780
5041 5042
843 844
572 573
571 574
4687 4688
6060 6061
5276 5277
4217 4218
5761 5762
1198 1199
249 250
248 251
1635 1636
4254 4255
4206 4207
4917 4920
561 562
3054 3055
10874 10875
10873 10876
10755 10756
9801 9802
4156 4157
4011 4012
10855 10856
10854 10857
9742 9743
7107 7110
10116 10117
11055 11058
5350 5351
3914 3917
8614 8617
8609 8626
10291 10294
10290 10295
1173 1174
2146 2149
5519 5520
5292 5293
1987 1988
1984 1989
9185 9186
9184 9187
1903 1910
10606 10607
10605 10608
9906 9907
1689 1690
5337 5338
1490 1491
390 391
389 392
6778 6779
799 802
2936 2937
2935 2938
2934 2939
3029 3030
5891 5892
6801 6802
4642 4643
8408 8409
11035 11036
403 404
10687 10688
8084 8085
2643 2644
9395 9396
5428 5429
5736 5737
1681 1684
3804 3809
1937 1938
8946 8947
9115 9116
6988 6989
6985 6990
4388 4391
537 538
10358 10359
3012 3013
935 936
6822 6823
1190 1191
6692 6693
6691 6694
9416 9417
168 169
163 170
2386 2391
1961 1962
7186 7187
7066 7067
7065 7068
7062 7069
4828 4829
4827 4830
4826 4833
8088 8089
9559 9562
10102 10103
10099 10108
1170 1171
8487 8492
8486 8493
3522 3523
3304 3305
8879 8880
6670 6671
7683 7684
3817 3818
10909 10912
10908 10913
519 522
4793 4794
2456 2459
7998 7999
714 715
8419 8426
8667 8670
8664 8671
6546 6547
6828 6829
639 640
638 641
1432 1433
5398 5399
8096 8097
461 462
6953 6954
9285 9286
4057 4058
7346 7347
3088 3089
1653 1654
972 973
3497 3498
2787 2788
4508 4509
6527 6528
7724 7725
221 222
4887 4888
6739 6740
6311 6316
5137 5138
3905 3906
4557 4558
7442 7449
7185 7188
10020 10021
10590 10591
6381 6384
10790 10791
2490 2491
9514 9515
8940 8941
9074 9075
3368 3369
9188 9189
9183 9190
10436 10437
9842 9843
9841 9844
9840 9845
9839 9846
9838 9847
10563 10564
8501 8502
8500 8503
3515 3516
3514 3517
3848 3851
6114 6115
10937 10938
10958 10961
4099 4100
3172 3173
554 555
107 108
98 109
3640 3641
8656 8657
965 968
7547 7550
3710 3713
6282 6283
8172 8173
5076 5079
7636 7637
8206 8207
8582 8583
2449 2454
2261 2262
6634 6635
10738 10739
9393 9394
4725 4728
9610 9611
2641 2642
6016 6017
1770 1771
4786 4787
9889 9890
7783 7784
8827 8828
8826 8829
11078 11079
2842 2843
3869 3870
3866 3871
7692 7693
2949 2950
10055 10060
8886 8887
7545 7546
7079 7080
6944 6945
6943 6948
6942 6955
6941 6956
59 60
58 61
6629 6630
7314 7315
723 724
722 725
2619 2620
9737 9738
8539 8540
507 510
9716 9717
6553 6554
7169 7172
7168 7173
8737 8738
9329 9330
2554 2555
2723 2724
4037 4038
7968 7969
2282 2285
5949 5950
9829 9830
9826 9831
6879 6882
6876 6883
9279 9280
5981 5982
8601 8602
1429 1430
2817 2818
5220 5221
3919 3924
7944 7945
7941 7946
3611 3614
6851 6852
8552 8553
8551 8554
4696 4697
5846 5847
8678 8679
8677 8680
6150 6153
10559 10560
2301 2302
7979 7980
7978 7981
3049 3050
10883 10884
4088 4089
4085 4090
6417 6420
10576 10579
3821 3822
10180 10181
10179 10182
10943 10944
5156 5157
10160 10161
2473 2474
2472 2475
7473 7474
7285 7286
9339 9340
1272 1273
1271 1276
10391 10396
2634 2635
4504 4505
9331 9332
9407 9408
2999 3000
1010 1011
1007 1012
8447 8450
8312 8313
502 503
901 904
10842 10843
9079 9080
1386 1387
1402 1407
9659 9660
6668 6669
6010 6013
6605 6606
9085 9086
8171 8174
214 215
8168 8169
1573 1574
6603 6604
3424 3431
5700 5701
6621 6622
6839 6840
6838 6841
6837 6842
2686 2687
10650 10651
4270 4271
3393 3396
5191 5192
1923 1928
665 666
664 667
8647 8648
4385 4392
7913 7914
9238 9239
8014 8015
8754 8755
6259 6260
3038 3039
6820 6821
6819 6824
6599 6602
6598 6607
1694 1695
1693 1696
1297 1298
6187 6188
3432 3435
3421 3436
3738 3741
10325 10326
1955 1958
5132 5133
5131 5136
7480 7481
7479 7482
10287 10288
1077 1078
8390 8391
8389 8392
8384 8393
806 807
10915 10916
3357 3358
751 752
750 753
182 183
762 765
8415 8416
4117 4118
1939 1940
2879 2880
2986 2987
264 265
2319 2320
2318 2321
10570 10571
5479 5480
8429 8430
8544 8545
5124 5125
2789 2790
3701 3702
3769 3770
3768 3771
1966 1967
857 858
9922 9923
1795 1796
10685 10686
8354 8355
8717 8718
10230 10231
8841 8842
7689 7690
3957 3958
3956 3959
3955 3960
8797 8798
922 925
2052 2053
2051 2054
7957 7958
1128 1129
2329 2330
2328 2331
2327 2332
9607 9608
5381 5382
5380 5383
3595 3596
3594 3597
3591 3600
2881 2882
144 145
5951 5954
4530 4531
8367 8368
9378 9379
448 449
447 450
446 451
445 452
10543 10544
601 602
5537 5538
6159 6160
3884 3885
7437 7438
4371 4372
335 336
334 337
333 338
332 339
492 493
491 494
490 495
656 657
655 658
6589 6590
9306 9307
7132 7133
7129 7134
6971 6972
6970 6973
4710 4711
4709 4714
499 500
739 740
454 455
3790 3791
6298 6299
7222 7223
5360 5361
1487 1488
10794 10795
8630 8633
9886 9887
9885 9888
6958 6961
7002 7003
4539 4540
7701 7702
7098 7099
7097 7100
6067 6068
6064 6073
1517 1520
10936 10939
10935 10940
1875 1876
4660 4661
3253 3254
4580 4581
4579 4582
5668 5669
7126 7127
10345 10346
10998 10999
10989 11004
10988 11005
10985 11006
10984 11007
7713 7714
10136 10137
8979 8980
9893 9894
1705 1706
840 841
2997 2998
2996 3001
4151 4152
1082 1085
2122 2123
9008 9009
5397 5402
6715 6716
6714 6717
952 955
951 956
1263 1264
10402 10407
1746 1747
1745 1748
1744 1751
2464 2465
6379 6380
6378 6385
6375 6386
6497 6498
6496 6499
1680 1685
1761 1762
3296 3297
3295 3298
10694 10695
1833 1834
7047 7048
7761 7762
7255 7256
7254 7257
3888 3893
9356 9361
787 788
6612 6613
4080 4081
3971 3972
5308 5309
5307 5312
5302 5313
7471 7472
2702 2703
2701 2704
5047 5048
2549 2550
3064 3065
3063 3066
356 357
2217 2218
8055 8056
8054 8059
8204 8205
2894 2895
6917 6918
9268 9269
6485 6486
197 198
1932 1933
7900 7901
4932 4933
4931 4934
4930 4937
4929 4940
6083 6084
5965 5966
1058 1065
2228 2229
2227 2230
6550 6551
1201 1202
2356 2357
3794 3795
1088 1089
10256 10257
10255 10258
11040 11041
7318 7319
6108 6109
329 330
328 331
327 342
2575 2576
2574 2579
5665 5666
2305 2306
3287 3288
3286 3289
10443 10444
10442 10445
3973 3974
2838 2839
5387 5388
5781 5782
7984 7985
6529 6530
9481 9482
4846 4847
6443 6444
5917 5918
1462 1463
984 985
983 986
7676 7677
6229 6230
4785 4788
4784 4789
4639 4640
4638 4641
624 627
4289 4290
4288 4291
8439 8440
5384 5385
3574 3575
4658 4659
4119 4122
8479 8480
5239 5240
5238 5241
5237 5242
4996 5015
380 381
3604 3605
5712 5715
5711 5718
5710 5721
7653 7654
7652 7655
7651 7656
7650 7657
1598 1601
3480 3481
650 653
4987 4992
4982 4993
8343 8344
9419 9420
10120 10121
2719 2720
9062 9063
4536 4537
8973 8974
8970 8975
3470 3473
3469 3476
3466 3477
3373 3374
3372 3375
6905 6906
2322 2323
10015 10016
10014 10017
7191 7192
4511 4512
4510 4513
9851 9852
9850 9853
10177 10178
10176 10191
3032 3033
9985 9986
240 245
2611 2614
10546 10547
267 270
266 273
1732 1733
7196 7197
8092 8093
8091 8094
7896 7897
10866 10867
9982 9983
9981 9984
5838 5845
7933 7934
8007 8018
8252 8257
8251 8258
4277 4282
4554 4559
6656 6657
5481 5482
5478 5483
1952 1959
8573 8574
8570 8575
6199 6202
1837 1838
9169 9170
5346 5347
223 224
220 225
2745 2746
11026 11027
11025 11028
9577 9578
8026 8027
8025 8028
8022 8029
8040 8041
9795 9796
388 393
8592 8593
8481 8482
1798 1801
4249 4250
9813 9814
3941 3942
6757 6758
9028 9029
1138 1139
3445 3446
3444 3447
9987 9988
2885 2886
3244 3245
7963 7970
11016 11017
6214 6215
2650 2651
9278 9281
9277 9282
6560 6561
6776 6777
6421 6422
6416 6423
7899 7906
6206 6207
7962 7971
9956 9957
9955 9964
1279 1280
1270 1281
7924 7925
7923 7926
7922 7927
9543 9544
9450 9453
7279 7280
912 913
4746 4747
4153 4154
6373 6374
645 646
644 647
6577 6578
1587 1588
4703 4704
6998 6999
3682 3683
35 38
2366 2367
597 600
596 605
1672 1673
9993 9994
9992 9995
9991 9996
5723 5724
5722 5725
7088 7089
10296 10297
10079 10086
10076 10087
6289 6292
1595 1596
824 825
2851 2858
10888 10889
6732 6735
6729 6736
6726 6737
5622 5623
5471 5472
7910 7911
7909 7912
11018 11019
10232 10233
2429 2430
2428 2431
2427 2432
2084 2085
881 882
880 883
797 798
5289 5290
2914 2919
2911 2922
7236 7237
7235 7238
1283 1284
1282 1285
8435 8436
7360 7361
6761 6762
2942 2943
2941 2944
6104 6105
1531 1532
1530 1533
246 247
5863 5864
1359 1360
8363 8364
5321 5322
5320 5323
5197 5198
3856 3857
5037 5040
5036 5043
5035 5044
2403 2404
2402 2405
2399 2406
8564 8565
10044 10045
10383 10384
10382 10385
7234 7239
7233 7240
5324 5327
5319 5330
2752 2753
7822 7823
9078 9081
9077 9084
1339 1340
1657 1662
10649 10652
10644 10655
5227 5230
7310 7311
5096 5097
7975 7976
2888 2889
614 615
7277 7278
1460 1461
2645 2646
4436 4437
2952 2953
2951 2956
7883 7884
4216 4219
6323 6324
687 688
9896 9897
9603 9604
7017 7018
7016 7019
7158 7159
7157 7160
7156 7161
9164 9171
5822 5825
8650 8651
8649 8652
8642 8653
8641 8654
8636 8655
5231 5232
754 755
3797 3798
3796 3799
6408 6409
6407 6410
6406 6411
6403 6412
5554 5555
5553 5556
4076 4079
4075 4082
4072 4083
4071 4084
4507 4514
8260 8261
1438 1439
5249 5250
406 407
9939 9940
9938 9941
9935 9942
10869 10870
129 136
10246 10247
4162 4163
7496 7499
7495 7500
7494 7501
2712 2713
8129 8130
8128 8135
8986 8987
9665 9666
10762 10767
3734 3735
7723 7728
7720 7729
4689 4692
4686 4695
7265 7266
7262 7273
7261 7276
2511 2512
5764 5765
9818 9819
9817 9820
9816 9821
9815 9824
10860 10861
143 146
2806 2807
2805 2808
8358 8359
8357 8360
5223 5224
5222 5225
5942 5943
6903 6904
6902 6907
3249 3250
6367 6368
10048 10049
6047 6048
8398 8399
8397 8402
10677 10678
8710 8711
3635 3636
9212 9213
9944 9945
3671 3672
3670 3673
2541 2542
2840 2841
2837 2844
3312 3313
1814 1815
6720 6721
6719 6724
6718 6725
3382 3383
9533 9534
3547 3548
8713 8714
7507 7508
7504 7511
8021 8030
900 905
10903 10904
1355 1356
7399 7400
7421 7422
7420 7425
579 580
2293 2294
2292 2299
7137 7138
3551 3552
8578 8579
2360 2361
5244 5245
10490 10491
9620 9621
9617 9622
6356 6357
1428 1431
9019 9020
9018 9021
8984 8985
10220 10221
4130 4131
4129 4132
5379 5386
7755 7756
2543 2544
4648 4649
8242 8243
4420 4421
5783 5784
10981 10982
5403 5406
1890 1891
9642 9643
9690 9691
9689 9692
5081 5082
5080 5093
5065 5098
7045 7046
1324 1325
1319 1328
2734 2739
8403 8404
873 874
872 875
871 876
1969 1972
1968 1973
425 428
420 429
7874 7875
7873 7878
3044 3051
3043 3052
9680 9683
9679 9686
5521 5522
10970 10973
4723 4724
8372 8373
8371 8376
5893 5894
2043 2044
2042 2045
2041 2046
3625 3626
5155 5160
11009 11010
11008 11011
5195 5196
6212 6213
9377 9380
4578 4583
4577 4584
5147 5148
116 117
115 120
9919 9920
9918 9921
2066 2071
4807 4808
4806 4811
10680 10681
660 661
3075 3076
418 419
4036 4039
2833 2834
2830 2835
3318 3319
3317 3320
5343 5344
5340 5345
8724 8727
9901 9902
3615 3616
3610 3617
10638 10639
8705 8706
1102 1103
3936 3937
6549 6552
6548 6555
6588 6591
8913 8914
939 940
6004 6005
6003 6008
6002 6009
6001 6014
10206 10207
609 610
5260 5261
5425 5430
729 730
3168 3169
3167 3170
8167 8170
4258 4259
1822 1829
1821 1830
1820 1831
9223 9224
7178 7179
9114 9117
3601 3606
8286 8287
3779 3780
9192 9193
9191 9196
3680 3681
6246 6247
6245 6252
6244 6253
6243 6254
9516 9517
9513 9518
9374 9381
9373 9382
9401 9402
4170 4171
6353 6354
4668 4669
4667 4670
7796 7797
8790 8791
8789 8792
2355 2358
2350 2359
2349 2364
2348 2365
2347 2368
2342 2375
2341 2376
7553 7554
8843 8844
6424 6425
3766 3767
10119 10122
10118 10123
10115 10124
10114 10125
6232 6233
6231 6234
6228 6235
6227 6236
6297 6302
6294 6303
6293 6306
6288 6307
5945 5946
5944 5947
5941 5948
2029 2034
122 123
358 359
10631 10632
2965 2966
2747 2748
10604 10609
9588 9589
282 283
9884 9891
1125 1132
1124 1133
7716 7719
6696 6697
3777 3778
3883 3886
4202 4203
4201 4204
3232 3233
6454 6455
5476 5477
5475 5484
5474 5485
5473 5486
430 431
4864 4865
4863 4866
4860 4867
4859 4868
9044 9045
3018 3019
7190 7193
7189 7194
11012 11013
6490 6491
4520 4523
921 926
7824 7825
9530 9531
9529 9532
6469 6470
6466 6471
1570 1571
1262 1265
4175 4178
4174 4179
5884 5885
5883 5886
8835 8836
1913 1914
1211 1212
7209 7210
4184 4185
4183 4186
790 791
2237 2238
7035 7036
7034 7041
4762 4765
7734 7735
7733 7736
3150 3151
3149 3152
3148 3153
2763 2764
5778 5787
4623 4624
8062 8063
5621 5626
5618 5627
2072 2073
4567 4570
1539 1540
514 515
10951 10952
10950 10953
10947 10956
9725 9728
4283 4284
10098 10109
11038 11039
11037 11044
3961 3962
9276 9283
9275 9284
7155 7162
700 701
10967 10968
10966 10969
5741 5742
5740 5743
5804 5809
9133 9136
149 152
1668 1669
847 848
1016 1019
2865 2868
4380 4381
6690 6695
6687 6698
5593 5594
5801 5810
5875 5876
8525 8526
4124 4125
4123 4126
10566 10567
1156 1157
2636 2647
9797 9798
195 196
1816 1819
3488 3489
5267 5270
9319 9320
8269 8272
1183 1184
9315 9318
9314 9321
5707 5730
2847 2848
5643 5644
6934 6935
8584 8585
794 795
3127 3128
3126 3129
9552 9557
9551 9558
5933 5936
1440 1443
1437 1444
1337 1338
31 34
3736 3737
3090 3091
3087 3092
6477 6478
6472 6479
1345 1346
7812 7813
7388 7391
201 202
453 456
440 457
382 383
1793 1794
1792 1797
1388 1389
1383 1390
9363 9364
6568 6569
2336 2337
4128 4133
4127 4134
4116 4135
9150 9151
7890 7891
9180 9181
1626 1627
1367 1370
1366 1371
1024 1025
4248 4251
4247 4252
6795 6796
4032 4033
4031 4034
4030 4035
2870 2871
2869 2872
11050 11051
9862 9867
4586 4589
3194 3197
8598 8599
1176 1177
1175 1178
4449 4450
1258 1259
1255 1260
575 576
819 826
9590 9591
9587 9594
2111 2112
7921 7928
10110 10111
2200 2201
2199 2206
2198 2207
4013 4016
6534 6535
8151 8152
6582 6583
4194 4195
8383 8394
8259 8262
9311 9312
7350 7353
9123 9124
9122 9125
10882 10885
3618 3619
3607 3620
3590 3621
3585 3624
4631 4632
10623 10628
7908 7915
10905 10906
7759 7760
5750 5751
5660 5661
7602 7603
7202 7203
3946 3947
3945 3948
3944 3949
3943 3950
9065 9066
4897 4902
6520 6521
5959 5962
7052 7055
7051 7056
7050 7057
7049 7058
7010 7011
1435 1436
8445 8446
7888 7889
9473 9474
5970 5971
5969 5972
10000 10003
9999 10004
9998 10009
10197 10198
10196 10199
10477 10478
5878 5881
5770 5771
5549 5552
2156 2173
2151 2174
9121 9128
2803 2804
10965 10974
10964 10975
10963 10976
8193 8194
7531 7536
7530 7537
9599 9600
186 187
185 188
927 928
9443 9444
9440 9445
5236 5243
2519 2520
4755 4758
2750 2751
2749 2754
8112 8117
9538 9539
5888 5889
10552 10553
9297 9298
9296 9299
9295 9304
2466 2467
2463 2468
2876 2887
7643 7644
7642 7645
9913 9914
10465 10466
5390 5393
5581 5582
8822 8823
9344 9345
9548 9549
9547 9550
7372 7375
7485 7486
7478 7489
8935 8936
2065 2074
2064 2077
5667 5670
5662 5671
6025 6026
4792 4795
4791 4796
5120 5121
5117 5122
5116 5123
760 761
5967 5968
1476 1477
1475 1478
5279 5280
9368 9369
4565 4566
4564 4571
3026 3027
3025 3028
8247 8248
6869 6870
9007 9010
6964 6965
2133 2134
2130 2135
1150 1151
1147 1160
7073 7076
7072 7077
3686 3689
3364 3365
10907 10914
9478 9479
3069 3072
976 977
7198 7199
7195 7200
1758 1759
5490 5491
5489 5500
5488 5501
5487 5502
7317 7320
8776 8777
1632 1633
1631 1634
1630 1637
3894 3895
3887 3896
8982 8983
8981 8990
5396 5407
5144 5149
5143 5150
552 553
551 556
306 307
9669 9670
9668 9671
1874 1877
1873 1878
6137 6138
3306 3309
3299 3310
2985 2988
2980 2989
1611 1614
3325 3326
8924 8925
9503 9504
10149 10152
10146 10153
10145 10154
7348 7349
4228 4229
4227 4230
9849 9854
2291 2300
8912 8917
8911 8922
3086 3093
2136 2137
1896 1897
8127 8136
8126 8139
8125 8144
8124 8145
8123 8146
9392 9397
2335 2340
2334 2377
8703 8704
27 28
5634 5635
4041 4042
3316 3321
3315 3322
7765 7766
5142 5165
8994 8997
3583 3584
4719 4720
828 829
3994 3995
5062 5103
612 613
8239 8240
2890 2891
737 738
6543 6544
6767 6768
6333 6336
6332 6337
10011 10018
10309 10310
10689 10690
1617 1618
4050 4051
7477 7490
3335 3336
559 560
2267 2268
2266 2269
2674 2677
2673 2678
2672 2679
2627 2628
5185 5186
7851 7852
808 811
805 818
6037 6038
6034 6041
10094 10095
10093 10096
10092 10097
4962 4963
6663 6664
10724 10725
10721 10726
1408 1415
1292 1293
2509 2510
8019 8020
8006 8031
3479 3482
10324 10327
8407 8410
16 17
13 18
7220 7221
7094 7095
7992 7993
2591 2592
5507 5508
5506 5509
8328 8329
1210 1213
1209 1214
9458 9459
9457 9460
9362 9367
6684 6685
7060 7061
7059 7070
7214 7215
5690 5691
8969 8976
8968 8977
8967 8978
8966 8991
2945 2946
3279 3280
3278 3281
3277 3284
1309 1310
1308 1311
4766 4769
4759 4770
4754 4771
4751 4772
4750 4773
4745 4774
5318 5331
5867 5868
10450 10451
9250 9251
10593 10594
10592 10595
9879 9880
9718 9719
8518 8523
3162 3163
3159 3164
3158 3171
8687 8688
2488 2489
8741 8742
5580 5583
10747 10748
2010 2011
10749 10750
4662 4663
3674 3675
3669 3678
550 557
5900 5901
7232 7243
7231 7244
8778 8781
6974 6975
10819 10822
470 471
469 472
4677 4678
6258 6263
6257 6268
6256 6273
6255 6274
7707 7708
7706 7709
1567 1568
409 410
5363 5378
9155 9156
3381 3384
3380 3387
1934 1935
2270 2271
2265 2274
8453 8454
6487 6500
5560 5561
9663 9664
3451 3454
4231 4232
1229 1230
6145 6146
3774 3775
3773 3776
4489 4490
616 619
3998 3999
5436 5437
5435 5438
2197 2208
1484 1485
7300 7301
3403 3406
3388 3407
3067 3068
3062 3073
3061 3074
9794 9799
9793 9800
9792 9803
1115 1116
1112 1117
6446 6449
9027 9030
10776 10777
5562 5565
7930 7931
7929 7932
7920 7935
7919 7936
7918 7937
9087 9088
9076 9089
726 727
1803 1804
6141 6142
7338 7339
2252 2259
4843 4848
4842 4853
6287 6308
6284 6317
6281 6318
6280 6319
1344 1349
6784 6785
6769 6786
6766 6789
7865 7866
3668 3679
10707 10708
4654 4655
3531 3532
2506 2507
1111 1134
1110 1135
4114 4115
4113 4136
4112 4137
4111 4138
4266 4267
9454 9455
4698 4699
3815 3816
10234 10235
1894 1895
7469 7470
7468 7493
7518 7519
5676 5677
6867 6868
6866 6871
6861 6874
6860 6875
6859 6884
10272 10273
2036 2037
2035 2038
4384 4395
4383 4396
4382 4397
4379 4398
10696 10701
10693 10702
7453 7454
7698 7699
1998 1999
10323 10328
10320 10329
6329 6338
6326 6339
6325 6340
6320 6341
5339 5348
5169 5172
379 384
3664 3667
3663 3690
4322 4323
8556 8557
9091 9092
9090 9093
6240 6241
6239 6242
4909 4910
1585 1586
1584 1589
6939 6940
4459 4460
7201 7204
7182 7205
8201 8202
6791 6792
4775 4776
4740 4777
7119 7120
1625 1628
2437 2438
2426 2439
2587 2590
2533 2534
6888 6889
10769 10770
4824 4825
4821 4834
7622 7625
5745 5748
10599 10600
4441 4442
4438 4443
7307 7312
3257 3258
10532 10537
10531 10538
8756 8757
8753 8760
5830 5831
8330 8331
8799 8800
8796 8801
8433 8434
8432 8437
10679 10682
1603 1604
7323 7326
9240 9243
9602 9605
9601 9606
2771 2776
2768 2777
10372 10375
9832 9833
1474 1479
2139 2140
4301 4302
2561 2568
8427 8428
8418 8431
8562 8563
6994 6995
1167 1168
8456 8463
1076 1079
1075 1090
9934 9943
9929 9946
2696 2697
2695 2698
2694 2699
2689 2700
2688 2707
2685 2710
2684 2711
7808 7809
7807 7810
8464 8467
9535 9536
3772 3781
3763 3782
1423 1424
1420 1425
1419 1426
7771 7772
4959 4966
4958 4967
4957 4968
4952 4971
4951 4974
3877 3878
942 945
93 96
3833 3834
1182 1185
2795 2800
2794 2801
2793 2802
2192 2193
6575 6576
9385 9390
9384 9391
9383 9398
4355 4356
4354 4359
1094 1097
7128 7141
6827 6830
6826 6831
10455 10460
3719 3722
8000 8005
1786 1787
2236 2239
9868 9869
6445 6450
6432 6453
7118 7121
10168 10169
10167 10172
3416 3417
7367 7368
2524 2529
10518 10519
4345 4346
10303 10304
1602 1605
2124 2125
9505 9506
9498 9507
3079 3080
3078 3083
6184 6185
6042 6043
6033 6046
56 57
45 62
693 694
10113 10126
10112 10127
4945 4948
10616 10617
8220 8221
8219 8222
8216 8223
6938 6957
2445 2446
2442 2447
2441 2448
2440 2455
23 24
10572 10573
10569 10574
10568 10575
1860 1863
7562 7563
8547 8548
3256 3259
2530 2531
1753 1754
2411 2412
2410 2413
2409 2414
2408 2417
2407 2418
217 218
280 281
279 286
5699 5702
6899 6900
355 360
354 361
353 364
4429 4430
4428 4431
1734 1735
1731 1736
1730 1743
1729 1752
6620 6623
5852 5853
5851 5854
5850 5855
5849 5856
5591 5592
5584 5595
5579 5596
10144 10155
10141 10162
7106 7111
7105 7112
5637 5640
4190 4193
4187 4196
4180 4197
4173 4198
4172 4199
4169 4200
4168 4205
6963 6966
7573 7574
8825 8830
6616 6617
9051 9052
9050 9053
4597 4598
4596 4601
4595 4602
1003 1006
8412 8413
1881 1884
2189 2190
191 194
190 199
189 200
2333 2378
9233 9234
3085 3094
3255 3260
3252 3261
5173 5176
2814 2815
2813 2816
2812 2819
8176 8177
5258 5259
5255 5264
5254 5265
8881 8884
8878 8885
485 486
5991 5998
2667 2670
7986 7987
9723 9724
1381 1382
8309 8310
8304 8311
8303 8314
10215 10216
10214 10217
2138 2145
2129 2150
8676 8681
3965 3966
3964 3967
3963 3968
3938 3969
3935 3970
3934 3977
2979 2990
2978 2991
2977 2992
6814 6815
6813 6816
6812 6817
6809 6818
6808 6825
2931 2940
9834 9835
3098 3099
7848 7849
3561 3562
681 682
4049 4052
4048 4053
4047 4054
994 995
8675 8682
8674 8683
1483 1486
4707 4708
4706 4715
1784 1785
1781 1788
5760 5763
5759 5766
7356 7357
10270 10271
10269 10274
10268 10275
10265 10276
6514 6515
9310 9313
3570 3571
9926 9927
4943 4944
4942 4975
4941 4994
10612 10613
11073 11074
11072 11075
5908 5913
5907 5916
5906 5919
5905 5920
5904 5921
5903 5926
8855 8856
6908 6909
2898 2901
2393 2394
2392 2395
7791 7792
9049 9054
3810 3811
3801 3812
3800 3813
3793 3814
6765 6790
6429 6456
6428 6457
6427 6460
10720 10727
1616 1619
5394 5395
8338 8345
91 92
6396 6397
2825 2826
9221 9222
9220 9225
9215 9226
2824 2829
2823 2836
5336 5349
10517 10526
1648 1649
5354 5355
3223 3224
10031 10032
10022 10033
10019 10034
9425 9426
9424 9431
2907 2908
4528 4529
4527 4538
10516 10529
10515 10530
4040 4045
4023 4046
142 153
139 156
128 157
7774 7775
348 349
347 352
346 365
7460 7461
7459 7462
8937 8942
1513 1514
970 971
969 974
964 975
963 978
4495 4500
4494 4501
1665 1670
10213 10218
8958 8959
8957 8960
9175 9182
8928 8929
4066 4067
4065 4068
4064 4069
4063 4070
4062 4093
1650 1651
1645 1652
1644 1663
6887 6890
6886 6895
1898 1899
1893 1900
10896 10917
5899 5902
5898 5927
5604 5605
6567 6572
6566 6573
10380 10381
4797 4798
7526 7527
11071 11076
11070 11077
930 931
929 934
4331 4332
4330 4335
4412 4415
7995 7996
7434 7439
894 895
9173 9174
9172 9197
5610 5617
5607 5628
5606 5629
8069 8070
8068 8071
6116 6117
6113 6118
6112 6119
6111 6120
6110 6121
8534 8535
6369 6372
6366 6393
6365 6394
6364 6395
1317 1318
10597 10598
10596 10603
3222 3225
9711 9714
9700 9701
9699 9702
10661 10670
7248 7249
7247 7252
9874 9875
9873 9878
9872 9881
5978 5983
8834 8837
8833 8840
8832 8849
8831 8850
8824 8851
8821 8852
6462 6463
1844 1857
9542 9545
9541 9546
9540 9569
9537 9570
6933 6936
6932 6937
6931 6962
10796 10799
10793 10800
10792 10801
3314 3323
4378 4399
9494 9495
9493 9496
9492 9497
9491 9508
9480 9509
2231 2232
2226 2233
6157 6158
6156 6169
8273 8276
8268 8277
3828 3831
3827 3832
7786 7787
7785 7788
988 991
1577 1578
789 792
786 793
7868 7869
9142 9143
9139 9144
9138 9145
6147 6148
8506 8507
8505 8508
8504 8515
2220 2221
10356 10357
9676 9677
7026 7027
7025 7028
7024 7029
7021 7030
7020 7031
7013 7032
7012 7033
6708 6709
7117 7124
2603 2610
2729 2732
2728 2733
2727 2740
2726 2741
9293 9294
1808 1809
9346 9349
8406 8411
8405 8414
8396 8417
3546 3549
6348 6349
6347 6350
6346 6351
6345 6352
6344 6355
6343 6358
464 479
7365 7366
584 585
5675 5680
5415 5416
5414 5417
2623 2624
9595 9596
9586 9597
9585 9598
592 593
855 856
4424 4425
10498 10499
10497 10504
6170 6171
3 4
2324 2325
4292 4303
4287 4304
6082 6085
4739 4778
4738 4783
8086 8087
8083 8090
4672 4673
8118 8119
9432 9433
586 587
3705 3706
5732 5735
9119 9120
497 498
1452 1453
2127 2128
2126 2177
7776 7777
7773 7778
2379 2384
10317 10318
1707 1708
1023 1026
4592 4593
4591 4594
1592 1593
4006 4007
4626 4627
4625 4628
1686 1687
5130 5141
547 558
542 563
2631 2632
3263 3264
10760 10761
10759 10768
10758 10771
10757 10772
941 946
6480 6481
2762 2765
2761 2766
2760 2767
7634 7635
7335 7340
10808 10809
9 10
10864 10865
10853 10868
10852 10871
10712 10713
5956 5957
3762 3783
3761 3788
9328 9335
1162 1165
1161 1166
4603 4604
6805 6806
8588 8589
8587 8590
8586 8591
8577 8594
8576 8597
8569 8600
4995 5016
9786 9787
1561 1564
1560 1565
1559 1566
706 707
6277 6278
2850 2859
2849 2860
2846 2861
2845 2862
2822 2863
9520 9521
1186 1187
1181 1188
505 506
4637 4646
4636 4647
10891 10892
8992 8993
8517 8524
8516 8527
8499 8532
10053 10054
4260 4263
3900 3901
3899 3904
3490 3493
10140 10163
8691 8692
8690 8693
8689 8698
8686 8701
8327 8332
7620 7621
10839 10844
10838 10845
10837 10848
5731 5738
5706 5739
1507 1510
10810 10813
3910 3911
3909 3912
3882 3913
207 208
184 209
181 216
180 219
171 226
162 229
161 230
160 233
1716 1717
1713 1718
8476 8477
8475 8478
8474 8483
10887 10890
10886 10893
8181 8182
2717 2718
10348 10349
10347 10352
1572 1575
6910 6911
8038 8039
3855 3860
3854 3863
3853 3864
3852 3865
3847 3872
3846 3873
1069 1070
1068 1071
1057 1072
5023 5024
5547 5548
5540 5559
5539 5566
4461 4464
10773 10774
5424 5431
6916 6919
6913 6920
6912 6921
6901 6926
6898 6927
9202 9203
9201 9204
9200 9205
9199 9206
9198 9207
9163 9208
9162 9209
4305 4306
1523 1524
1522 1525
3560 3563
10336 10337
3789 3792
9928 9949
9925 9954
9924 9965
996 997
7528 7529
5526 5527
5525 5528
5524 5529
5523 5532
5516 5535
8735 8736
6930 6967
1489 1492
10675 10676
2515 2516
10751 10752
10746 10753
10745 10754
10778 10785
10775 10786
3459 3460
830 833
827 834
804 835
803 836
796 839
9305 9308
9774 9775
4883 4884
6659 6660
6658 6661
6655 6662
4312 4313
4311 4316
4310 4317
4309 4318
4308 4319
1376 1377
1502 1503
7682 7685
8561 8566
7994 7997
7991 8036
3014 3015
3011 3024
2462 2469
2461 2476
2460 2477
4329 4336
4328 4337
4327 4338
6464 6465
6518 6519
6517 6526
9273 9274
9272 9287
9271 9288
9270 9289
9267 9290
1361 1362
1358 1365
1357 1374
1354 1375
1353 1378
10035 10036
6680 6681
6679 6682
10062 10063
4373 4374
877 878
870 879
867 884
866 887
9637 9638
9632 9639
3726 3727
6279 6342
6276 6359
7364 7369
1995 2000
1994 2001
6649 6650
6644 6665
6643 6666
6642 6667
2191 2196
3371 3376
3370 3379
3997 4008
6414 6415
3330 3331
3329 3332
3324 3333
5234 5235
5233 5248
5226 5253
5219 5266
3439 3440
6804 6807
6803 6832
6800 6833
1868 1871
7092 7093
7091 7096
5413 5418
9652 9653
8180 8183
8179 8184
8178 8185
8175 8186
9061 9064
9058 9067
9057 9070
9056 9071
9055 9072
1936 1941
1931 1942
2910 2923
2909 2924
2904 2957
2903 2960
7870 7871
3645 3646
3644 3651
3639 3654
5505 5514
2683 2714
4447 4448
8379 8380
1704 1709
1703 1710
1702 1711
1701 1712
2210 2211
6074 6075
5790 5791
5789 5794
5788 5799
2021 2022
7887 7892
7886 7893
7885 7894
7882 7895
7881 7898
7552 7557
10480 10485
10479 10488
10470 10489
3276 3285
3275 3292
3274 3293
3273 3294
3272 3311
3271 3334
5768 5769
4517 4518
4516 4519
1511 1512
1021 1022
1020 1027
4664 4665
523 524
518 525
7666 7667
7665 7668
7662 7669
4611 4618
4610 4621
4426 4427
3133 3134
7090 7101
1872 1879
7 8
1678 1679
7294 7295
7293 7296
7290 7297
7289 7298
7288 7299
1032 1033
1029 1034
1028 1035
1013 1036
1002 1043
7763 7764
9046 9073
9043 9096
9026 9099
9025 9106
3415 3420
3412 3437
3411 3438
3410 3441
8795 8802
746 749
745 756
736 757
1300 1301
9405 9406
8473 8484
8472 8485
8471 8496
7855 7858
5109 5110
10894 10895
5200 5201
5199 5202
3502 3503
8438 8441
6097 6098
7513 7514
7512 7515
7467 7516
7466 7517
7465 7520
10281 10282
7322 7329
7321 7330
7316 7331
5827 5832
9773 9778
1607 1608
9729 9730
1534 1535
1529 1536
1526 1547
7355 7358
9352 9353
5315 5316
5314 5317
5301 5332
29 30
26 41
5353 5358
5352 5359
5335 5362
5275 5278
2964 2967
2963 2976
3744 3745
7829 7830
7828 7833
7821 7834
7820 7837
8870 8871
10039 10040
4634 4635
3147 3154
10249 10254
10248 10259
10245 10260
10244 10261
10243 10264
10240 10277
126 127
125 158
7144 7147
7143 7150
7142 7151
7125 7152
8809 8810
8721 8722
8716 8723
8715 8730
8712 8731
8709 8732
3443 3448
3442 3449
3409 3450
3662 3691
3661 3692
3658 3693
3742 3743
7313 7334
8685 8702
920 937
911 938
4406 4407
4405 4408
4402 4409
4401 4418
4924 5017
1859 1866
386 387
385 394
370 395
369 402
368 405
367 408
366 411
1639 1642
11052 11053
11049 11054
11048 11059
11047 11060
11032 11061
11031 11064
704 705
699 712
698 713
697 718
5688 5689
10469 10492
10464 10505
10461 10506
10454 10507
7586 7589
7585 7590
8906 8907
3138 3139
3137 3140
3132 3141
4352 4353
998 999
993 1044
992 1045
987 1046
982 1049
981 1050
980 1051
2742 2743
8103 8104
8102 8105
8101 8106
463 480
460 481
459 484
4167 4208
4166 4215
4165 4220
4164 4221
4161 4222
4160 4223
6580 6581
1169 1172
10733 10734
10732 10735
2385 2396
6968 6969
252 253
239 254
238 255
235 256
10330 10331
10343 10344
2100 2101
2099 2104
6559 6562
10439 10448
10438 10449
10435 10452
10434 10453
6619 6624
6618 6625
6556 6557
608 611
607 620
606 621
2307 2308
5749 5754
4444 4445
3179 3180
3178 3181
677 678
9631 9640
7544 7551
7697 7700
10836 10851
8854 8857
5577 5578
5576 5597
5575 5598
5574 5599
5573 5600
5570 5601
5569 5630
1496 1497
8872 8873
8869 8874
8868 8875
8659 8660
8658 8661
8635 8672
8634 8673
8629 8684
861 862
860 863
859 888
10714 10715
10711 10716
10704 10717
3528 3529
3521 3530
3520 3533
3519 3534
3518 3535
3513 3536
1379 1380
1352 1391
541 564
540 565
5114 5115
3733 3746
3174 3175
8811 8812
8808 8813
9755 9756
9754 9757
9753 9758
9748 9763
9747 9768
9746 9769
3881 3918
7768 7779
1092 1093
1091 1098
1056 1099
1053 1100
1664 1671
5018 5029
4923 5032
4916 5033
2505 2508
2492 2513
10278 10279
1286 1287
1269 1288
4561 4574
8807 8816
7863 7864
758 759
9968 9969
5515 5536
7949 7950
7940 7951
7939 7952
7938 7959
7907 7960
2250 2251
4139 4142
4110 4143
4109 4144
4104 4145
9014 9015
9011 9016
9004 9017
567 568
10409 10410
6107 6124
3002 3007
8468 8469
4446 4451
4423 4452
4422 4453
10730 10731
4891 4892
5862 5865
5861 5866
10289 10298
7228 7229
7227 7230
7226 7253
7225 7258
7224 7281
3478 3483
3463 3484
3462 3485
3461 3496
10832 10833
10829 10834
10824 10835
10823 10872
10816 10879
7972 7973
10587 10588
2113 2114
10583 10584
10580 10585
5930 5937
5929 5940
10430 10433
10427 10508
10424 10509
10423 10510
10418 10513
10417 10514
9656 9657
9655 9658
7750 7751
6050 6059
6049 6062
6032 6063
6031 6076
6028 6077
8325 8326
7000 7001
6997 7006
2551 2552
2548 2553
5656 5657
5647 5672
5646 5673
3750 3753
8266 8267
10165 10166
10164 10173
10139 10174
10138 10175
10135 10192
10134 10195
4790 4799
4367 4370
6095 6096
8549 8550
6750 6751
6747 6752
6744 6753
4818 4837
4817 4838
4816 4839
4803 4854
4802 4855
4737 4856
10051 10052
4146 4149
4103 4150
4102 4155
10072 10073
6797 6798
6794 6799
7344 7345
4265 4268
4264 4269
6764 6793
6763 6834
6756 6835
4246 4253
680 683
679 684
3925 3926
2649 2656
2648 2657
2633 2658
2626 2663
8867 8876
8866 8877
8865 8888
8862 8889
8861 8892
6360 6363
6275 6398
662 663
659 668
654 675
649 676
648 685
643 686
5105 5106
5104 5111
8210 8211
8209 8212
8208 8213
8203 8214
10205 10210
3986 3987
10744 10787
10737 10788
10736 10789
979 1052
962 1101
961 1104
960 1109
957 1136
948 1137
947 1142
910 1189
7780 7781
9694 9697
9693 9698
9688 9703
9687 9704
9678 9705
9667 9706
9654 9707
9651 9710
9650 9715
3367 3408
7977 7982
7974 7983
8927 8930
8904 8905
1576 1581
1569 1590
7181 7206
3157 3182
3144 3183
3143 3184
3142 3185
9629 9630
1902 1911
10302 10305
11068 11069
2962 2993
2961 2994
1974 1977
1963 1978
8962 8963
8961 8964
8956 8965
8955 9000
8954 9001
8953 9002
8952 9003
8951 9022
8950 9023
8949 9024
8948 9107
8945 9108
8944 9109
8943 9110
19 20
6 21
5 22
5681 5682
6611 6614
68 69
67 70
42 71
4650 4651
4633 4656
4622 4657
4096 4097
3042 3053
3041 3056
3040 3077
10400 10401
1724 1755
1721 1756
1720 1757
1719 1760
1698 1769
1697 1772
1692 1777
1691 1778
1688 1779
3008 3031
2995 3034
2902 3035
1638 1643
260 261
259 262
2811 2864
2810 2873
4735 4736
4734 4857
4733 4858
9129 9130
9118 9131
9111 9132
8934 9137
8793 8794
8337 8346
8336 8347
8333 8348
8324 8349
8323 8350
8320 8351
8319 8352
8318 8353
159 234
2809 2874
5988 5989
5987 5990
9410 9411
7861 7862
7860 7867
7859 7872
2187 2188
595 628
594 629
9252 9257
7380 7381
7379 7382
7376 7385
9978 9979
309 310
4585 4590
3699 3700
3698 3703
6516 6531
5451 5452
5450 5457
5447 5458
5442 5459
5441 5460
5440 5461
5439 5462
5432 5469
5423 5470
5422 5503
5421 5504
5420 5631
5419 5632
8264 8265
8263 8280
8246 8283
1268 1291
1261 1296
1254 1299
1253 1302
1238 1303
1233 1304
1232 1305
1231 1306
1228 1307
7798 7805
7795 7806
7794 7811
7793 7816
6542 6545
1951 1960
8926 8931
489 496
3758 3759
3757 3760
3756 3823
3755 3826
3754 3835
3725 3728
1922 1943
10228 10229
10227 10236
10226 10237
10225 10238
10222 10239
2098 2105
2097 2110
97 112
90 113
89 114
86 121
85 124
84 257
1858 1867
1843 1880
1842 1885
1841 1886
1836 1887
1835 1888
1832 1889
1813 1892
9976 9977
5645 5674
5642 5683
5641 5686
10672 10673
10671 10674
2249 2260
2246 2275
7566 7567
3543 3550
3540 3553
3537 3558
3510 3559
3509 3564
3508 3569
3499 3576
3366 3577
7565 7568
7564 7569
7561 7570
2398 2423
2397 2482
313 318
308 319
305 320
298 343
297 344
296 345
295 412
292 415
291 436
290 437
289 438
278 439
277 458
276 487
275 488
274 501
8111 8120
11030 11067
2088 2089
9159 9160
6632 6633
6631 6638
6626 6639
6615 6674
6610 6675
6595 6676
6594 6677
6587 6678
6586 6683
6585 6686
6584 6699
6094 6099
6093 6100
6092 6101
6089 6106
1449 1454
1434 1457
1427 1458
1418 1459
1417 1464
1416 1465
8098 8107
8095 8108
8082 8121
8079 8122
8078 8147
8077 8148
8074 8149
8073 8150
8072 8153
8065 8154
8064 8155
8061 8156
8060 8165
8053 8166
8470 8497
8455 8498
2219 2222
2212 2223
2209 2234
2186 2235
2183 2240
2182 2241
2115 2244
6482 6483
6461 6484
6426 6501
6413 6502
6226 6503
6225 6504
6224 6505
7104 7113
7103 7116
7102 7163
7087 7164
7086 7165
7085 7166
7078 7167
5848 5869
5837 5872
5836 5873
5835 5874
5834 5877
10977 10978
10703 10718
10692 10719
10691 10728
1674 1675
1629 1780
1620 1789
1615 1790
6574 6579
2090 2091
2083 2096
9967 9980
8543 8546
8542 8555
8541 8560
10202 10211
7659 7688
7658 7691
7647 7694
7646 7695
7641 7696
6174 6179
6173 6180
10539 10542
5833 5882
5826 5887
5821 5890
5820 5895
5194 5203
5193 5206
5190 5207
5189 5216
5188 5217
5187 5218
5182 5271
5181 5274
5180 5281
2079 2080
9733 9736
9732 9739
9731 9740
9722 9741
4471 4474
7283 7284
7282 7287
566 581
3363 3578
3362 3579
3361 3580
3356 3581
3355 3582
3354 3629
3349 3630
3348 3631
3347 3632
3346 3633
3345 3634
3344 3637
3339 3638
4326 4341
6510 6513
6755 6836
7043 7044
6027 6078
6024 6081
7767 7782
7758 7817
7757 7818
7754 7819
7753 7838
7752 7839
7747 7840
7738 7841
7737 7844
7732 7845
7731 7846
906 907
897 1192
10933 10934
10932 10945
10931 10946
10926 10957
10925 10962
10922 10979
10806 10807
10805 10880
10804 10881
10803 10920
10802 10921
4098 4101
10980 10983
5985 5986
7559 7560
7558 7571
7543 7572
7542 7591
7541 7594
7538 7595
7525 7596
7524 7597
7523 7600
7522 7601
7521 7604
7458 7605
7457 7606
7450 7609
6558 6563
6541 6710
9908 9915
2547 2558
2546 2559
2545 2560
1396 1397
1395 1398
1392 1399
7415 7426
7414 7427
7403 7428
7402 7433
7401 7440
3875 3876
3874 3879
3845 3880
3988 3991
10301 10308
10300 10311
10299 10312
6126 6127
4718 4721
4717 4722
4716 4871
4705 4872
4700 4875
4681 4876
4680 4895
4679 4896
4676 4907
4675 4908
4674 4913
4671 4914
4666 4915
2601 2602
2600 2615
2599 2616
2598 2617
2593 2618
2580 2621
2245 2278
2078 2281
2061 2286
2058 2289
1948 1949
1947 1950
1946 1979
1915 1980
1912 1981
8233 8236
10398 10399
2665 2666
3842 3931
3107 3108
7219 7302
3657 3704
3656 3707
8628 8707
8627 8708
8608 8743
8607 8744
8606 8745
8605 8746
8604 8747
8603 8748
8568 8751
8567 8752
8536 8761
9525 9526
9522 9571
9519 9572
9512 9573
9511 9574
9510 9575
9475 9576
9470 9609
2573 2622
2540 2569
3109 3110
3100 3111
3097 3112
3096 3113
3095 3114
4375 4400
4366 4419
4361 4456
4360 4457
4349 4458
4348 4477
4347 4478
4342 4479
4325 4480
4324 4481
4321 4484
4320 4485
4307 4486
4286 4487
4285 4488
4274 4491
4273 4506
4272 4515
4257 4524
4256 4543
4245 4544
4244 4545
7303 7304
8378 8381
5758 5767
5757 5772
5756 5773
5755 5800
5744 5811
5703 5812
5698 5813
5697 5814
5696 5817
5693 5896
10640 10643
6144 6149
6143 6154
6140 6155
6139 6172
5973 5984
9900 9903
9895 9916
9892 9917
9861 9966
9860 9989
10586 10589
4233 4234
4226 4235
4225 4236
4224 4237
4159 4238
4158 4239
3200 3201
3199 3210
3198 3211
3191 3212
3188 3221
3187 3226
1480 1481
1471 1482
1468 1495
3267 3268
3262 3269
3251 3270
3248 3655
3247 3708
3246 3709
3243 3714
3238 3715
3237 3716
6897 6976
6896 6977
6885 6982
6858 6983
6855 6984
6854 6991
6853 6992
6850 6993
6849 6996
10551 10556
10550 10561
10549 10562
10548 10565
5291 5294
5288 5299
5287 5300
5282 5389
8285 8290
8284 8291
8245 8292
8244 8293
8241 8296
8232 8299
8231 8300
8230 8315
8227 8316
8224 8317
8215 8356
8200 8361
8199 8362
8198 8365
8197 8366
8192 8369
8191 8370
8190 8377
10660 10683
7371 7394
7370 7395
7363 7396
7362 7441
7359 7612
7354 7613
7343 7616
7342 7617
10397 10408
10390 10545
10387 10614
10386 10615
10377 10618
10376 10619
10369 10620
10368 10621
10361 10622
10360 10629
10353 10630
10342 10633
10341 10634
10340 10635
10339 10636
10338 10637
10319 10684
10314 10729
10313 11014
2514 2521
5412 5633
5411 5636
5410 5687
5409 5692
9351 9370
3234 3747
3231 3748
3230 3749
8923 9146
3037 3084
3036 3125
2897 3186
2896 3227
9161 9214
9154 9227
9153 9230
9152 9235
9149 9236
9148 9237
9147 9244
8908 9245
9616 9623
9613 9624
9612 9641
9469 9644
9468 9649
9467 9744
9466 9745
9463 9772
9462 9781
9461 9782
9456 9783
9449 9784
9446 9785
9439 9810
9436 9825
9421 9836
9418 9837
9415 9848
695 696
692 719
691 720
642 721
637 728
636 731
631 732
630 733
583 766
582 767
539 772
532 785
531 842
528 845
527 846
526 889
513 890
512 893
511 896
504 1195
263 1196
6088 6125
7007 7042
6754 7071
6741 7174
6738 7175
6713 7176
6712 7177
6711 7180
6540 7211
6533 7216
6532 7305
6221 7306
6218 7341
6211 7626
6210 7627
6209 7628
6208 7633
6205 7638
6198 7703
6197 7704
6196 7705
6195 7712
6192 7715
6189 7730
6186 7847
6183 7850
6136 7961
6135 7988
6134 7989
6129 7990
6128 8037
6023 8042
6020 8043
6019 8046
6018 8047
6015 8048
6000 8049
5999 8050
5958 8189
5955 8382
5928 8395
5897 8442
5408 8443
5177 8444
5168 8451
5113 8452
5112 8533
5051 8764
5046 8769
5045 8772
5034 8773
4609 8774
4608 8775
4607 8782
4560 8803
4553 8804
4552 8805
4551 8806
4550 8853
4549 8858
4548 8859
4547 8860
4546 8893
4243 8894
4242 8895
4241 8896
4240 8901
4061 9246
4060 9249
4059 9258
4056 9259
4055 9260
4022 9265
4021 9266
4020 9309
4019 9322
4018 9323
4017 9324
3996 9325
3985 9338
3984 9341
3979 9350
2759 2780
2756 2783
2755 2786
2744 2791
2725 2792
2722 2875
2721 3838
2716 3839
2715 3978
2682 9371
2681 9372
2680 9399
2671 9400
2664 9403
2625 9404
2572 9409
2571 9414
2570 9855
2537 9990
2536 9997
2535 10010
2532 10037
2523 10038
2522 10041
2487 10050
2326 10061
2315 10130
2310 10131
2309 10132
2290 10133
2057 10212
2050 10219
2049 10280
2048 11015
2047 11022
2040 11029
1215 1216
1206 1217
1205 1218
1200 1219
1197 1222
258 1225
83 1316
72 1329
25 1330
2 1331
1 1334
