666488
832144
871142
737707
539969
456770
544744
255008
551248
528291
317490
721450
731359
342188
676791
465136
473702
195683
760883
233888
376059
570663
359464
13808
297844
659909
717839
559187
258160
285843
527272
552242
695285
474844
655083
649333
634085
829565
578268
813781
686593
561839
574337
154512
575876
267423
668694
603533
540041
630157
859875
572842
713823
559941
638228
518470
399593
485799
560528
638391
936967
517392
619616
561937
734258
603701
682835
1311904
562809
712150
690859
578710
651471
400310
592780
316483
463623
799390
505823
541409
509246
644707
723118
625700
910987
914120
848004
858994
652955
773376
677385
789555
842660
424494
685619
1018688
629816
933842
832041
689224
745444
585421
509589
741095
883756
833923
850915
722042
870434
939305
865121
926820
737738
963431
635826
979160
1138225
829297
943405
845727
931176
746374
965575
1157056
857077
1082038
1051804
958956
680890
1235453
765076
1080098
1202122
1003794
873041
1031811
900990
1052809
927893
1237781
880020
1035887
920689
1035556
1104406
1080299
1052668
1051377
964576
898467
1006128
1187571
1022745
1116272
1434613
1028818
939941
1030798
1151992
1324245
957358
996446
1122309
1049931
1240331
1057470
1161501
1041154
1279059
1280480
1099038
1168551
1431648
1098102
1109683
978695
1320829
1260256
1176906
1027698
1140240
1265477
1249242
1100189
1195539
975431
1474480
1128817
1183199
1565708
1531408
1372577
1458452
1060657
1379778
1306403
1600010
1334024
1427034
1408229
1263595
1213737
1498642
1522980
1668219
1726028
1655204
1284197
1245490
1348276
1746960
1475104
1323291
1220314
1785487
1108721
1269075
1582499
1592918
1333458
1408068
1404545
1504889
1513588
1504292
1432069
1603304
1326690
1496229
1432464
1441128
1547766
1219366
1544833
1485854
1685939
1295456
1711429
1269144
1411389
1625989
1524072
1547995
1439689
1715432
1431880
1780862
1591908
1698413
1379282
1438437
1573351
1763594
1497119
1614101
1776448
1451227
1598237
1811727
1417708
1638195
1590250
1574424
1619740
1635848
1633348
1566397
1670141
1612763
1662343
1714130
1640261
1680964
1718069
1657951
1841516
1719617
1690961
1558685
1947233
1706885
1810606
1841502
1690973
1673986
1806610
1668300
1603524
1592355
1742740
1669094
1705829
1829131
1731380
2237832
1856569
1656609
1756692
1891749
1742104
1688661
1799023
1826987
1690512
1709122
1763500
2063735
2028772
1736006
1732594
2164981
1743096
1804274
1866150
1827591
1596472
2006890
1885526
1900310
1999564
2329518
1901751
2109283
1911364
1817522
2027619
2213199
2014524
1963569
1741049
1728729
1743480
2029926
1898772
1694774
2032975
1960248
2243021
1926358
1960987
1998203
1889704
2403052
2102552
2138919
1644499
2119547
2070709
2036437
2226984
1828848
1810694
1823400
2098213
2254111
1959282
2008111
2141240
1907744
1995268
1977108
2140555
2282803
1989936
2159421
1819860
2065544
2167672
2155872
1885422
2106037
2080696
1935855
2292093
2033486
1983562
2257359
2184020
2361090
2118033
2033558
2230837
2114957
2133111
1917724
2329220
2226084
2074525
2306792
2277029
2273080
2137372
1974257
2063689
1824299
2034494
1994383
2443381
2362864
2169019
2079140
2120194
2159242
2673065
2137832
2136357
2233824
2112366
2735246
2168904
2057940
2250477
2226992
2100525
2110280
2138797
1832538
2422654
2122526
1980351
2108449
2332273
2045294
2251145
2173084
2260895
2157912
2195952
2700345
2377924
2225393
2260424
2173155
2447265
2337740
2040345
2411413
2335152
2377929
2112980
1981421
2459667
2662455
2208147
2204635
2434096
2225613
2354782
2304039
2503513
2428251
2387862
2352323
2245011
2410175
2403790
2433298
2505752
2487890
2228281
2373618
2581228
2446057
2510353
2480768
2452339
2392701
2499730
2386629
2328930
2474658
2782909
2388013
2386026
2403270
2405150
2341847
2414374
2379893
2455663
2514015
2667329
2386303
2589418
2527034
2675777
2663377
2644622
2575614
2586162
2782797
2570646
2559401
2738194
2753770
2517162
2394447
2665209
2621082
2796419
2745716
2526812
2846954
2643613
2947300
2618727
2700708
2842460
2521268
2768236
2796190
2901740
2591584
2958649
2526854
2764903
2615124
2631427
2902598
2757547
2850317
2904460
2989719
2878218
2896063
3506841
2726485
2597193
2615197
2656227
2880914
2687716
2578951
3096096
2846479
3412348
2720151
3093432
2775481
3267507
2687420
3024013
2785571
2966118
2728895
2750315
2835259
3168217
3062620
3219769
2822257
2945552
2806598
2785002
2958868
3154960
2739793
3159149
2879273
3026708
2825590
3038779
2902627
3163456
3031346
2853670
3054963
3197468
3017473
3100073
3069389
2886792
3075904
2967750
3684167
2936715
3228860
2976592
3433106
3166721
3452011
3239540
3233071
3389227
3363654
3107460
3408174
2959238
3071055
3266618
3188520
3195835
2986826
3174576
3296758
3401531
3310340
3093210
3260030
3241834
3410616
3170655
3196733
3454569
3586914
3392617
3435680
3340718
3334582
3306988
3329435
3487243
3309890
3310189
3184907
3193142
3358116
3173961
3177503
3557944
3348588
3242013
3263034
3600005
3391269
3652813
3408129
3366402
3440279
3446121
3547171
3480979
3474192
3365083
3453097
3195598
3244469
3230306
3349911
3615743
3276837
3774740
3624886
3340232
3310983
3214863
3490325
3333416
3262772
3413157
3601042
3330773
3576180
3765274
3282504
3649336
3464118
3527427
3789103
3433768
3543363
3416376
3309007
3764561
3470004
3919331
3623745
3624816
3714021
3926604
3817301
3602556
3941246
4134270
3668278
3693867
3363640
3729757
3377521
3751852
3576668
3744346
4322289
3696966
3560503
3778753
3683092
3512700
3728811
3538317
3747045
3825456
3663732
3698466
3863506
3795287
4104262
3706572
3502904
3791194
3633745
4084078
3480515
3704673
3744054
3830298
4014216
3810731
3961407
3988358
3725628
3764418
3923314
3734833
3793392
3874884
4112101
3590335
3707471
3859523
3681758
4030703
4020501
3894507
3768382
3800584
3971802
3583806
3927156
3798137
4140064
4045542
3733536
3795103
3914917
3912719
4129246
3944564
3988414
3955366
3731972
3706076
4044466
4042501
3874686
3817675
4027633
4104716
4038862
3608973
4236277
3979872
3690394
3807473
3779507
4068186
4098365
4035925
4497877
3980351
3918232
4116799
4303703
4078437
3981121
4123675
4169439
4031628
4226536
3787594
4290831
4098015
3936316
3833163
4215548
3832902
3686231
3946065
4153262
4240817
4281597
4201002
3792703
4224442
3915100
4189661
4125057
4291256
4008164
4075554
4542419
4299467
4319069
4383586
3988634
4083049
4587215
4335030
4100981
4239845
4344458
4039745
4553777
4007671
4186892
4168509
4781014
4432516
4379935
4016346
4283476
4304442
4141752
4408584
4181067
4437344
4798864
4404617
4327879
4454128
4476775
4641838
4501082
4153551
4549644
4301086
4428058
4354309
4077535
4363022
4649076
4816494
4232328
4849638
4609287
4547314
4446658
4768723
4847738
4455242
4631063
4543185
4825215
4750581
4306216
4391620
4869807
4561922
4549927
4698023
4680145
4537999
4737690
4574038
4877104
4459196
4585911
4818301
5009895
4900950
4747042
4700617
4875419
4794026
4669428
4739951
4889992
4769383
4735424
4867352
4815659
4982633
4725964
4992471
4439832
4948465
4553600
4771780
4816568
4481057
4730312
4683432
4715363
4865784
4801404
4493719
5000683
4797983
4720954
4798909
4928900
5115139
4765954
4850107
4832513
4721670
4877960
4795509
5216605
4993315
4751576
4696201
4534672
4678326
4912224
4802677
5321928
4970777
5089494
4918303
5089301
4765985
5009496
5020680
4691273
5052897
4984025
5068980
4914670
5159189
4925875
5040960
4967653
4941356
4920365
4870081
4924612
4924610
4965088
5156411
4797147
5200218
5066543
4978029
5233517
5107522
5140720
5080539
5007092
5142412
4927465
5017593
5034059
5029322
4928088
4821068
5023919
4944170
5023086
5293577
5322506
5059500
4908686
5091362
4877084
5047307
5253257
5301721
4891925
5246641
5055937
5377665
5104101
4879923
5475514
5149504
5323209
5030493
5223512
5098875
5238118
5219727
5112012
5102551
5107262
5387125
5123777
5365577
5110231
5574522
5119798
5638375
5516789
5190313
5219114
5266182
5327497
5194758
5326528
5161221
5109473
5106232
5371079
5145689
5489316
5248178
5404623
5456311
5401482
5219540
5307184
5362704
5353054
5321245
5444872
5412761
5530773
5293410
5437041
5657493
5272435
5111696
5554271
5157146
5304685
5597275
5396433
5394340
5658784
5722652
5512659
5522823
5541314
5536973
5410885
5774700
5352603
5568782
5834151
5695914
5898927
5364369
5517527
5431988
5636811
5413955
5417965
5531237
5451382
5904501
5619542
5938050
5447880
5673234
5691464
5859893
5787369
5984896
5840044
6087957
5633890
5713380
5579856
6134464
5533394
5690579
5834680
5958851
5451466
6268088
5857942
6028981
5724974
5639789
5969622
5665864
5894481
5873443
5901526
5966651
5803985
6019831
5970770
5911007
5755495
5970024
5690489
5877671
5663078
6314974
5620465
6383053
5718575
5607455
5736674
5898977
6141908
5869308
6068353
5713301
5964924
5948218
5852946
6152981
6182585
5887060
6178999
5919002
6018321
5946293
5952693
5935437
5857635
5745982
6024517
6064203
6175208
5992247
6170291
6154229
5780630
6222938
6152514
6500545
6071497
6079644
6145591
6105912
5952911
6035779
6163717
6151912
6167012
6078349
6425279
6133354
6208481
5962426
6205678
6105996
6301658
6244998
6289598
5925392
6223429
6288249
6165607
6202797
6240434
6222391
6209327
6057620
6397367
6322060
6540897
6489287
6054711
6129578
6176399
6240883
6349454
6585426
6266711
6281758
6161115
6417366
6032671
6229205
6656774
6571719
6222802
6669135
6284595
6535621
6517326
6598939
6220054
6509025
6317256
6406202
6813422
6492562
6515702
6601105
6437319
6416497
6366765
6427004
6238479
6335172
6637071
6581521
6331911
6682683
6748247
6506846
6439854
6585483
6565936
6526042
6473200
6540304
6415176
6666556
6560874
6546848
6851607
6349661
6860837
6600460
6760708
6470313
6419692
6735357
6640312
6788651
6619448
6451451
6492467
6597162
6722074
6606882
6372280
6466614
6795737
6526222
6427143
6700967
6398425
6694821
6578437
6651800
6507426
6752034
6767302
6888507
6599346
6474137
6657996
6656885
6628808
6820732
6458697
6587047
6596936
6715787
7219006
6972106
6570409
6706410
6633661
6516205
6574574
6610191
6543331
6701888
7244985
6806698
6801419
6855033
6746881
6739696
6813299
6837136
6817345
6923601
6952230
7011322
6726151
6843099
6610333
6860144
6843543
6828024
6776075
6837703
6644681
7021669
6893656
6856757
6867244
7189070
6977238
6978372
6873716
7023196
6886837
6846233
7112010
7104674
6880550
6856882
7177822
7031284
6902342
6955797
7086491
6940732
7037175
7127086
7085516
6948911
7092891
6931725
7204422
7057864
6988180
7116295
7075685
7361830
7124429
7185893
7351419
7185324
6992269
6918752
7298212
7258199
7180654
7070786
7304678
7083797
7235272
7100431
7672237
7221145
7130035
7373850
7208464
7316722
7302262
7571739
7106408
7451658
7202053
7064443
7090837
7252017
7053653
7616589
7128491
7357291
7111550
7096391
7243004
7331835
7135572
7316288
7354750
7530073
7073217
7289851
7282075
7205152
7667119
7104687
7404958
7130389
7351325
7227950
7377880
7116534
7383042
7297746
7412591
7588478
7239879
7271150
7399751
7272628
7340176
7306984
7515938
7465490
7531659
7241526
7312111
7453596
7326780
7731931
7631439
7287217
7468996
7314641
7364357
7180906
7406977
7368127
7486653
7470674
7516817
7353067
7563904
7295262
7327252
7474587
7620155
7788855
7543853
7448612
7292523
7394377
7573484
7284764
7656759
7454413
7433864
7481935
7536993
7524940
7575927
7530320
7418295
7685115
7650064
7438408
7654245
7517926
7351566
7629314
7737360
7480105
7562148
7512337
7507009
7543605
7754700
7551582
7740618
7570541
7557157
7419017
7647938
7608545
7736401
7980908
7757664
7702183
7742822
7382518
7839168
8029235
7445316
7636601
7812406
7602930
7562808
7386005
7827039
7761056
7605217
7843087
7824996
7611312
7728633
7628339
7741900
7800797
7859243
7657395
7781075
7944050
7770010
7651953
7693525
8014216
8143674
7824059
7993500
7989735
7701868
7824465
7527545
7840617
7884772
7812081
7938464
7755950
7658585
7828642
7648988
7706063
8472749
7951363
8152041
8119750
7789188
7963605
7938534
7909867
7906861
7722007
8277497
7639670
7696919
8184166
7923841
8008032
7973120
7891174
7758446
7941546
8106202
8144913
7869319
7958561
7907507
8506849
8389345
8052757
8326746
8321896
8292947
8121401
7925265
7714340
7954176
8702257
7909688
8059346
7869232
8176900
7811416
7982595
7973506
7978803
7989283
7910132
8263338
8157857
8083101
8292468
8082540
8158278
8503930
8196993
8066474
8114734
8010927
7982885
8094009
7976524
8202301
8181297
8163300
8575149
8405046
8144153
7878226
8367380
8170780
8050989
8130470
8282783
8072214
8132515
8474422
8353001
8410190
8170054
8371841
8360665
8120998
8270527
8376173
8374203
8204420
8218057
8077521
8283270
8232800
8516228
8386960
8153277
8565939
8188188
8419386
8447663
8183552
8401462
8559962
8466092
8578309
8521839
8547470
8471567
8505594
8339642
8311799
8566473
8355575
8435590
8357137
8603374
8386351
8662527
8316675
8548893
8351292
8724947
8677540
9069743
8546374
8447576
8395556
8437290
8419987
8668306
8387802
8574490
8472888
8425927
8720855
8625219
8686496
8419720
8419139
8378856
8563980
8452880
8415336
8531248
8566174
8397806
8614177
8758418
8588322
8453324
8696632
8677397
9017180
8399508
8743162
8638043
8643905
8699228
8512420
8631954
8728277
8631552
8622618
8596387
8439235
8806437
8734906
8628736
8654859
8566443
8967732
8737448
8800466
8557920
8704293
8549883
8865314
9075171
8997633
8800630
8566018
8903695
8972708
9004463
9138613
8931439
9014188
8755338
8786758
8901541
8614857
8683152
8580453
8516363
8746081
8866263
8850084
9107187
8637921
8834769
8775471
8802915
8861217
8684380
8673209
9108808
8853912
8775147
9087551
9004622
8843104
8626601
9130291
8758047
8647051
8735486
8860056
9065700
8881315
9000579
8860028
9027289
9031339
8798458
8708794
9289501
9042224
8879053
9018181
8982159
8962007
9069547
9147023
9129046
8914490
8826664
9295216
9023946
8951732
8960104
9030182
8881688
9085819
8993429
8985920
8949539
9133843
9083349
9416720
9209116
9135221
9056195
8911719
8848282
9163330
8968427
9131918
8936070
9295426
9039929
9170205
9179030
9169467
9134235
9014164
9311905
9027367
9167974
9074090
9124679
9017253
8922658
9129241
9517911
9116494
8927509
9162331
9088777
9108599
9222936
9181099
9544313
8908525
9097984
9133503
9088053
9226252
9100940
9340581
9157445
9312249
9153533
9262557
9384056
9340704
9158528
9254242
9276528
9310308
9202560
9886875
9348321
9107038
8920950
9210589
9173449
9209620
9492038
9167594
9326122
9571041
9251974
9394538
9380144
9329078
9311609
9390061
9316360
9218401
9708491
9394870
9324503
9054049
9237250
9554957
9088064
9354283
9306023
9148067
9299162
9456638
9375303
9266240
9477249
9313047
9489274
9516610
9280471
9162771
9407781
9347790
9339566
9377645
9197174
9373890
9423379
9680139
9390773
9352505
9323209
9185404
9337878
9398738
9482035
9432839
9654963
9397275
9461846
9423520
9609906
9599685
9320495
9499082
9376862
9820045
9442215
9437825
9493233
9694208
9589101
9514931
9476907
9679027
9568504
9654114
9532993
9713695
9331481
9426052
9381787
9755346
9813042
9824048
9716069
9580669
9636300
9522056
9738828
9848183
9739427
9947171
9799856
9734257
9822770
9793616
9799933
9642374
9776943
9798049
9767448
9454267
9790211
9696968
10006936
9883844
9530986
9845006
10063322
9976963
9901170
9649284
9871108
9744730
9991000
9769255
9670041
9967369
9777711
9813233
9970158
9786539
10015028
10093056
9810584
9638684
10310595
9881815
9818951
10226181
9988886
10102598
9967144
10087619
9917974
9982644
10152618
10058780
9914936
9799829
10134206
10006322
10139827
9838442
10079295
10051764
10289644
10010000
9842386
9943335
9901638
10064086
10067268
10016023
9660022
10162364
9897965
10005702
10375958
10106017
9953904
10015607
10177441
10199411
10072959
9810685
9922507
10020946
10173260
10073524
10206120
10029623
10050806
10393328
9889794
9965010
9978473
10099867
10029825
10069167
10078944
9869691
10256613
9867457
10135084
10063285
10049799
10314799
10036595
10035108
10159356
10034931
10173797
10252729
10353657
10253199
10026056
10374297
10066202
10629721
10063211
10363582
9992031
10090443
10131471
10072364
10058173
10246975
10342553
10155299
10172892
10213675
10246127
10149857
10246888
10120887
10457744
10614208
10259284
10330940
10059674
10026731
10254215
10280627
10098043
10393187
10115360
10048740
10220837
10220606
10493603
10646327
10129151
10320165
10304501
10358389
10511716
10485339
10222106
10237797
10232663
10514612
10401225
10358297
10536020
10210809
10202974
10382983
10236959
10305416
10527715
10264520
10390701
10649913
10601926
10441011
10578727
10498933
10784809
10551022
10646670
10359651
10474235
10466447
10439906
10780749
10963544
10498460
10662224
10606077
10808201
10512355
10778866
10587840
10503284
11080180
10396617
10467725
10759727
10629094
10698851
10633134
10729969
10776812
10740725
10728640
10795824
10504880
10577186
10602842
10655020
10749269
10867814
10910976
10622774
10715565
10691726
10560777
10774291
10752891
10603644
10680848
10733545
10717092
10663756
10957208
11395852
10920724
10788058
10654630
10846633
10752760
10757595
10812000
10944212
11099504
10801244
11081508
10988740
10645835
11232584
10751612
11033921
10938730
10733363
11061532
10758312
10883672
10822224
11067354
11293295
11154739
11038237
11016908
10891808
10983890
11065785
11027744
10794543
11065988
11054454
10976145
11048902
11035400
11101266
11090862
11033122
11128207
11287281
11058581
11468321
11333179
11482751
11171108
11021089
11476362
11419466
10910232
11308246
11058734
11333471
11017563
11131448
11379173
11153817
11196577
11430413
11174933
11085068
11434892
11528686
11509444
11330019
11065173
11114708
11541052
11317424
11269406
11148919
11284715
11322391
11315251
11389989
11598027
11643482
11243060
11634562
11192886
11543178
11230705
11445851
11669944
11691006
11386811
11808806
11583168
11852115
11677027
11563938
11912600
11389086
11172879
11762124
11430896
11810532
11458579
11516414
11667184
11684593
11830932
11704983
11741926
11661246
11741643
11754858
11696718
11691752
11682053
11423016
11691361
11529265
11635004
11872552
11900937
11626683
11586878
11736963
11698491
11630358
11743995
11827647
11795459
11673417
11601181
11463752
11816073
11730369
11723066
11636634
11751593
11709786
11774310
11788914
11481932
11770282
11752212
11710201
11451568
11620961
11608207
11815973
11809741
11667191
11822321
11857252
11760763
11831039
11998130
11511069
11738829
11719971
11718510
11509107
11954457
12068899
11753191
12064564
11755515
11795482
11900615
12283701
12121105
12249230
11819493
12061413
11815792
12076829
11934871
12183104
11923476
12018896
11741707
11960788
11802272
11945684
12021234
12167307
12302908
12008828
12127366
12072871
12294803
11850224
11769037
11806304
12052038
11818137
12065327
11866450
12018271
12132524
11960137
12049929
12183585
12228157
11942679
12383920
12080613
12055795
11969318
12141749
12306690
12140799
12023081
12222099
12247648
12316242
12082458
12223170
12139510
12123629
12200402
12472861
12089699
11866253
11988748
12123408
12148679
12257101
12149649
12269006
12146779
12387704
12419767
12155763
12390889
12100012
12369457
12087300
12434298
12307249
12275341
12055060
12349590
12331403
12621950
12325973
12930969
12313504
12114928
12178357
12153443
12572060
12486887
12171315
12333314
12191601
12203660
12175504
12374861
12849480
12420863
12456389
12312582
12375263
12624650
12594136
12322176
12345936
12743976
12564642
12581390
12691933
12387452
12397328
12497839
12253297
12509365
12421089
12307795
12469517
12472303
12646050
12589211
12493339
12651854
12669129
12490806
12946285
12489746
12654167
12403575
12359393
12538239
12815443
12420678
12657996
12442088
12708210
12943955
12697701
12864574
12690719
12743260
12475567
12408982
12637328
12938880
12685730
12665852
12555722
12492526
12451904
12582979
12807112
12681935
12635336
12490082
12865330
12489348
12698587
12860186
12520585
12685435
12821055
12587850
12745738
12773952
12687581
12942356
12944743
12817826
13009156
12752693
12625695
12972207
12709501
12862367
12879877
12753536
12732832
12984373
12747933
12988882
12796669
12918875
12734681
12732989
13035934
12808771
12890531
12725919
12919701
12957311
12881454
12767654
12916267
12928333
12917691
12860546
12929350
12907040
13224446
13071051
13104571
13050966
13239857
12824921
12738610
12925633
13311767
12800957
13006167
12964079
13133350
13090296
13161069
12743891
12942128
13038608
12910011
13165294
13302555
12763363
13036050
12971941
12979764
13152991
13011390
12848505
13010149
13012504
13077338
13096281
12755954
13402379
13201568
13155065
12809583
13060294
13027929
13179069
12978049
13485944
13110969
13144318
13251392
13224395
13126980
13095938
13192068
13367316
13143055
13554248
13432043
13083982
13467593
13150755
13223248
13206482
13225574
13326290
13155542
13183748
13490632
13288883
13302539
13212932
13219526
13324312
13680598
13469347
13464440
13501341
13449806
13462701
13343751
13444297
13546346
13335767
13402217
13198405
13098711
13417445
13498054
13251105
13484271
13866475
13558661
13788210
13524872
13301917
13598457
13497211
13269785
13788447
13480503
13618215
13299172
13476623
13697054
13498021
13233111
13454322
13247031
13542770
13636199
13534155
13374531
13637589
13284675
13701854
13517834
13497589
13885941
13433210
13317187
13311784
13250467
13777469
13987118
13504487
13552969
13621236
13515844
13320106
13770301
13397227
13868308
13622985
13524782
13556474
13540414
13627532
13559549
13698996
13634475
13634023
13766083
13588491
13652800
13479344
13631548
13801282
13718389
13594315
13844738
13418259
13965064
13726572
13802601
13513934
13638427
13685865
13865852
13697579
13723923
13545092
13690379
13692968
13542973
13900314
14145097
13598724
13706039
13606592
13666344
13955555
13619601
13721885
13504789
13621758
13845694
13750810
13879204
14143233
13671323
14473982
13693385
13675362
14022531
13728334
13880030
13865610
13899590
13748748
13927300
13735292
13724494
13658781
14142305
13968969
13855167
13926826
13876683
13785074
14265198
14196608
14119920
13797199
13876984
14107960
13955336
14071258
13911464
13898058
14031576
13984183
13985507
14047102
14141410
13924070
13900925
14110493
13889448
14270631
14031350
13880624
13763374
13750267
14227089
14109567
14539866
14159639
14446968
14022959
14011952
14133520
14104635
14059141
14024738
14031047
14078941
14235708
14213286
14036240
14147223
14231592
13962492
14366572
14289776
14120607
14076336
14258463
13939329
14379246
14193801
14202228
14051024
14415405
14276651
14298386
14143168
14068586
14085905
14449261
14198009
14339839
14097225
14385877
14247483
14319139
14178979
14326317
14313292
14109896
14188528
14344244
14634783
14403719
14233569
14687040
14287565
14329299
14386623
14369501
14316082
14228958
14236731
14308171
14556132
14494214
14437976
14297598
14375429
14296923
14342342
14291922
14655876
14520544
14690173
14329384
14452257
14589050
14728486
14368707
14329210
14582994
14564410
14511889
14739979
14527150
14990482
14907193
14561318
15010904
14587004
14608037
14637368
14881186
14668782
14832555
14499848
14326277
14619497
14653388
14816427
14993267
14939337
14849138
15405249
14731778
14745724
14977995
14839659
14576287
15037534
14788241
14874612
14812816
14861582
14784480
14726988
14839054
14937311
15034641
14643987
15039002
14922106
14769831
15054002
14870375
14858570
14822039
14663107
14797239
14864616
14943353
14765102
15079261
14962967
15116502
14931418
14873226
15006656
15118907
15198064
15130960
15178582
14800580
14961355
15015143
15139589
14988851
14953131
15772681
15058012
15122629
15151715
15084337
15419276
15191364
15260019
15112183
15140326
15127209
15241091
15119856
15124999
15143474
15123065
15328584
15109849
15183775
15106094
15329256
15335608
15305034
15657218
15507954
15233651
15021124
15402613
15383282
15211570
15299369
15536473
15261501
15187670
15563930
15398079
15360054
15144757
15267032
15377768
15292187
15827768
15291809
15415915
15361121
15415302
15787881
15345587
15804246
15023099
15328494
15333722
15164898
15238211
15340140
15585305
15467605
15599316
15459449
15592045
15620862
15662308
15651940
15198978
15329258
15567545
15460722
15027748
15276868
15444741
15460579
15161948
15378041
15308183
15648185
15201588
15297585
15181834
15713740
15506616
15485849
15463939
15907975
15455725
15571210
15499779
15355164
15597222
15542591
15620202
15651151
15689891
15699868
15397116
15562360
15513567
15402461
15482204
15458506
15629465
15492993
15782255
15448453
15649621
15578420
15548628
15823030
15737990
15563264
15667283
15598141
15669895
16232659
15778323
15603745
16040217
15590771
15711643
15835307
15653293
15497921
15636371
15579069
15462563
15869014
15630088
15772105
16205550
15949274
15857201
15557331
15554660
15704021
15842850
15668756
16057286
15708610
15876850
15990777
15711992
16021264
15809108
16233656
16128354
15632353
16175095
16022575
15901630
16215601
16105898
15726775
15588945
15896402
15776736
15888944
15835427
16095456
16036660
16139033
16096299
16161246
16213411
15956194
16117279
15684321
15920053
15868783
15900196
15880894
15827350
16209026
15980130
15883218
15966481
16123606
16051429
16292799
16141807
16405532
15966930
16032255
15977586
16154591
15910315
16004697
16173011
15926460
16062575
16009754
16138220
16397049
16310577
15795378
16455768
15982476
16592142
16321803
16286109
16413632
16038331
16445606
16257691
16152073
16475508
16204591
16159839
16263861
16311207
16742371
16199601
16158545
16347809
16319755
16112657
16445784
16412843
16512196
16250649
16295423
16411752
16620761
16426058
16639655
16395246
16238685
16556960
16638020
16402906
16512231
16312523
16477250
16326057
16315174
16440291
16659238
16500739
16483592
16294117
16800263
16598139
16414624
16342561
16440998
16395935
16453507
16358841
16526777
16695781
16381639
16939173
16608339
16551547
16458966
16744860
16407684
16621854
16807503
17052570
16450878
16803987
16570067
16692904
16646183
16554543
16312996
16498999
16707750
16751013
16633110
16903850
16409757
16927258
16661545
16586903
16645083
16674525
16681604
16941749
16744258
16731628
17192455
16575599
16567986
16669553
17100426
17077406
16869041
16897284
17069558
16648036
16798397
17205136
17002958
16932179
16770512
16975168
16596457
16785204
16806807
16580697
16788241
16922632
16980191
17131112
17140371
16822561
16728165
16703636
16821156
17027061
16704061
17421865
16764470
16982185
16797063
16853993
16976840
16665123
16991397
16993902
16980944
16893406
17060474
16947654
16794309
16670104
16760598
16706033
16803225
17182406
17049998
16824871
17030291
16740122
16987166
16991567
17074451
16970785
16965957
16771474
17020189
16963035
16728425
16899788
17004464
17101949
17236518
17127651
17212619
17055595
17346908
17001935
16797896
16976794
17135688
17055870
17229500
16833309
17351278
17186847
16919517
17317711
17068363
17050282
16743290
17026310
17065692
17001655
17181600
16991231
17520834
17068560
16993672
17072970
17090117
17059126
17928248
17169398
16825174
17411419
17450696
17303957
17000793
17064546
17945972
17321122
17243861
16834358
16941570
17523811
17108388
17461659
17294829
17189201
17255341
17573160
17535296
17082380
17406666
17686818
17336080
17179029
17161013
17740754
17721633
17419962
17389298
16982210
17255159
17482984
17472949
17168246
17324127
17750308
17476261
17440463
17652288
17712039
17601599
17775889
17161969
17451204
17460035
17225330
17459557
17235687
17590848
17448759
17361260
18217533
17356701
17408756
17352944
17596468
17407134
17122604
17320782
17407429
17524661
17364468
17526296
17369165
17400957
17399644
17566180
17380345
17520739
17159921
17616922
17260857
17634038
17421982
17415109
17361445
17391579
17415900
17512429
17424315
17505767
17489721
17546334
17496121
17353570
17913821
17538954
17552914
17655734
17350470
17541496
17712219
17385464
17826326
17630836
17445343
17652674
17393291
17424020
17485554
17627281
17506554
17416477
17835327
17547026
17883315
17672842
17843611
17365999
17795036
17746271
17745814
17542291
17526668
17496650
17634530
17800712
17606400
17751747
18106127
17816572
17880627
17839795
17801873
17660536
18160896
17731720
18023424
17591708
17735008
17530808
17674286
17744834
17921691
17580865
18084083
17995962
18090497
17841037
17798967
17889968
18083366
17915277
18008041
18025521
18169533
18162197
17859132
18106025
17999745
17801857
17914055
17864583
18512676
17969296
18278318
17921050
17939864
18251014
18101908
18310251
18295848
18281697
18202593
18047324
18125955
18213884
18020595
18171138
18000433
17972311
18380889
18098883
18025043
18295682
18113268
18152732
18408072
18223299
18175298
18326708
18072827
18246820
18374523
18023081
18238329
18165835
18260618
18145227
18186084
18403827
18294157
18309843
18201758
18329122
18436605
18378424
18322752
18402367
18647271
18375441
18514075
18458711
18495844
18455773
18458092
18336760
18343600
18480876
18189516
18434512
18361960
18510406
18334219
18445229
18409552
18356806
18565340
18450862
18622076
18917489
18530366
18634442
18546441
18450286
18696802
18604104
18584014
18546678
18713554
18751770
18508640
18486280
18506446
18922232
18531488
18537092
18330052
18321839
18550458
18670515
18325131
18529234
18476251
18552346
18595025
18417603
18657073
18891895
18573518
18656823
18561538
18794201
18931214
18604101
18884605
18694425
18555194
18499571
18503577
18570477
18450827
19393197
18892642
18670050
18764547
18569423
18575610
18445927
18611986
18761975
18775729
18688280
18883843
18503040
18599567
18746472
18705775
18889239
18746061
18668329
18732331
19087161
18714050
19252945
19106728
19093785
18990573
18748280
19064302
18856493
18830002
19198843
18663093
18817196
19013788
18998830
18654735
18822726
18861801
19055936
18914345
18740911
18982958
18643893
18923214
19002894
19083890
18976210
19227655
18963890
18953636
18873663
19337382
18948273
19009581
19187178
18970747
18686966
18934056
19227260
19076127
19145558
18948815
19022080
19128709
19073776
19072707
18894986
19134104
18647976
18729599
18983443
19197736
18997488
18795389
19175933
19208765
18772503
18911417
18850709
19013701
18836260
18942501
19177015
19015775
19010025
18999938
18897332
19319912
18951933
19179689
18857387
18799940
19138098
18833048
19041943
19120332
18936166
18688566
18909453
18923636
19032007
18940150
18949394
19426673
18921444
19497500
18837978
19370769
19440736
19032361
18997219
18983423
18834335
19453121
18941887
19086771
18804049
19120708
18943485
19054683
18946365
18950572
19052699
19183738
19103813
19110578
18939761
19371931
19264336
19228980
19244508
19387668
19831441
19329568
19224307
19377702
19072520
19520131
19024180
19566773
19136761
18986103
19228391
19208099
19383332
19266340
19074291
19397977
19259726
19236244
19201623
19245381
18990506
19401671
19250128
19378393
19289567
19487169
19279891
19219525
19237511
19276170
19046762
19327260
19158508
19398856
19179219
19206296
19508051
19290068
19282158
18997768
19284516
19421438
19458482
19544171
19246107
19473862
19327125
19531403
19454988
19308689
19434418
19206512
19292039
19447585
19569338
19528083
19421600
19404808
19318236
19307224
19359236
19998698
19419964
19489711
19603269
19482057
19354205
19515344
19333991
19502824
19534690
19469719
19701543
19736507
19470748
19359196
19375600
19576012
19556421
19454615
19458108
19336399
19504432
19461539
19770685
19738354
19384108
19603660
19842787
19828441
19815820
19581150
20039686
19537581
19953428
19574598
19892805
19780160
20138911
19926325
20152202
19682074
19901115
19609661
19417323
19642125
19557385
19916709
19508921
19918914
19965533
19524302
19591578
19637693
19786088
19957974
19509844
19617853
19545974
20058889
19809464
19889846
19959709
19695338
19810821
20001281
20073097
19571402
19688960
19752929
19673990
19746227
19447631
19717296
19736205
19803350
19544491
19827189
19659678
19568927
19840984
19858248
19754771
19919255
19562154
19753639
19689092
19817461
19577652
19805815
20021783
19911216
19930900
19974971
19600798
19789354
19649203
19952106
19669192
19933085
19468301
19807963
19598294
19799667
20023047
20103514
19924975
19823191
19846172
19931065
19834183
20286060
19880170
19937892
19540203
19722829
19840996
19787370
19870115
19935203
19793455
20042077
20029650
19867710
19885362
19671395
19848043
20204142
19970432
19787501
19741350
20008826
19826102
19818986
19876083
19861160
19874311
20046959
21284896
20259871
19723468
20076810
19931971
19811596
20016630
20238019
19932493
20097640
19928097
19796686
20124268
20138395
19879419
20030268
20284125
20071044
20135038
19865719
20141819
20086299
20258528
19970167
20047948
19890141
19871830
20214477
20084170
20199501
19943343
20050602
20305369
20188111
20232724
19871799
20132624
20162673
20068241
20246206
20182632
20397811
20342409
20269641
19891114
20172616
20119315
20375555
20274756
20094410
20142395
20171760
20161015
20129445
20278046
20109229
20495263
20272958
20169984
20207539
20216222
20535969
20164717
20157392
20110498
20128424
20258059
20173188
20348328
20213745
20470421
20413398
20231035
20311051
20262055
20161048
20349227
20150498
20602000
20144322
20600589
20350042
20401461
20244233
20246308
20316096
20323252
20481911
20339201
20437628
20460659
20174385
20678323
20194969
20604046
20505042
20576960
20162251
20390386
20639124
20399216
20529451
20401481
20418758
20551384
20633654
20495226
20576330
20580757
20460359
20361629
20742232
20484238
20454534
20639304
20303875
20520101
20627383
20222090
20925207
20457770
20715457
20324815
20507229
20709413
20729208
20590060
20726014
20546840
20645695
20405551
20757578
20707501
20477306
20540522
20696894
20576059
20773981
20779678
20703219
20809417
20689689
20760505
20563733
20864580
21044220
20870064
20779464
20773092
20905108
21240116
20714330
20704835
20707077
20837831
20810178
20997038
20681754
20784552
20615642
20690901
21152586
20656757
20644185
21081773
20713364
20891716
20915509
21092138
20865487
20982502
20804416
20910950
21001905
21279255
20786974
21051930
20836320
21024590
20791668
20901265
20959957
20842559
20696275
21111392
20973678
20787978
20841916
21120349
20961743
20898777
21161768
21134953
21300270
21171659
20871124
21257782
20883576
20869149
20910572
20974953
20935876
21010702
21070065
21112575
21242703
20845570
20879844
20852622
21008234
21080712
21255040
21026523
21297522
21233136
21288878
20856205
20987004
20986535
20944901
20963703
20913067
21205513
21281700
20936956
20978540
21142375
20993132
21222801
21199392
21177574
21571672
21308995
21186944
21056791
21351000
21028167
21149026
21067814
21457702
21022989
21237242
21219695
21318613
20926003
20964481
21126188
21158048
21150689
21248055
21007113
21148653
21161074
21430202
21254900
21089925
21155957
21027898
21309270
21327477
21420837
21345579
21558395
21350406
21191451
21399516
21464154
21232991
21038105
21247501
20993906
21026563
21248479
21358246
21158802
21124220
21580550
21272166
21520006
21451532
21325886
21134657
21248001
21265862
21348212
21451682
21284146
21747773
21267532
21281135
21476953
21551633
21286344
21623218
21210459
21253417
21358851
21322465
21587579
21454990
21920743
21543171
21386757
21765291
21498732
21276169
21685324
21582305
21584450
22047114
21494681
21190798
21465964
21440322
21387969
21507870
21537809
21445055
21452204
21288881
21574089
21394206
21396762
21459387
21431446
21326239
21639102
21396048
21922557
21567234
21686249
21326450
21375872
21533144
21854006
21675944
21466030
21463066
21579784
21444449
21630337
21981039
21459243
21462891
21923118
21700836
22097435
21915793
21440917
21496953
21551536
21595400
21648249
21711793
21724123
21666105
21517000
21946783
21966795
21820205
21663413
21594837
21594707
21835198
21570896
22003376
21497515
21844149
22009689
21790160
21678650
21668871
21549744
21771624
21714236
21855710
21906738
21728562
21660029
21640943
21813480
21817822
21678531
21768527
22092451
22059222
21682432
21929472
21788958
21759397
21775487
21907868
22016362
21625945
22021279
21973453
22064912
21739150
21891705
21946982
21935888
21856094
21810320
22095808
21688356
21922914
21918946
21919629
21943564
21877845
21979770
21731586
22073970
21950319
21844273
21851964
21999042
21939314
21909357
22214162
22116512
22231744
21969308
22434901
22029865
22392865
22326892
22179353
22414495
22258899
21856269
21729178
21902750
22277514
22098683
22268512
22169813
22090664
22036740
22391150
22237403
22249897
22052099
22330588
22401243
22430680
22224516
22319545
22410764
22176786
22165601
22094966
22421071
22352379
22216857
22016450
22454400
22163689
22347502
22537588
22647751
22353569
22504933
22488531
22438508
22245773
22373270
22414014
22244943
22080538
22413160
22569419
22387904
22541486
22480705
22455015
22934265
22430905
22388010
22245864
22424729
22525342
22367313
22417680
22510895
22794697
22535724
22618021
22769008
22937768
22839670
22745535
22774499
22573405
22489547
22524976
22517340
22423090
22692490
22559372
22453746
22838993
22777152
22743341
22809217
22483667
22796440
22655912
22610687
22563715
22985268
22536558
23014370
23025643
22737531
22887568
22741893
23116746
22937300
22515517
22562772
22914565
22705547
22765852
22933597
22460295
22730532
22578857
22652852
22980900
22785303
23043424
22730708
22730724
22599642
22934663
22758871
23075306
22795070
22739390
23106176
22857901
22570699
22792403
22956094
23182263
22916414
22955167
22708915
22783233
23110320
23183793
22842254
22850401
23067857
23229698
22871080
22775668
23207281
22992735
23197186
22972083
22990254
23084119
23234671
23174034
23163253
23043088
23025049
22890413
23211004
22903475
23187603
23263768
23188748
23185912
23275637
23217486
23281101
23184225
23020198
23165730
23106890
23073705
23226125
23016878
23502859
23552026
23157512
23280097
23456819
23105905
23263544
23189629
23387045
23321890
23326934
23275984
23072657
23078112
23464847
23317998
23174008
23080670
23090437
23405526
23182286
23154944
23182395
23399655
23351508
23285211
23162045
23387174
23637274
23536388
23709692
23242420
23133174
23251969
23350506
23431353
23511436
23412110
23458867
23224876
23548090
23107229
23448617
23697688
23433090
23904208
23394788
23536886
23343309
23524965
23471255
23502739
23480592
23542741
23815745
23624271
23850262
23524880
23704527
23772628
23612929
23668476
23903213
23545584
23725390
23181132
23711913
23806987
23786392
23807366
23444392
23795343
23751122
23702767
23765759
23648917
23626881
23358133
23880035
23778354
24096499
23698323
23417781
23617014
23533038
23498592
23657799
23676423
23649552
23801165
23711826
23504299
23710858
23533474
23780578
23895900
23727807
24066418
23708559
23931940
23997785
23439792
23746422
23910307
23855416
24128431
23925389
23698614
23578501
23749636
23728260
23756578
23928907
23512351
23916818
23599917
23933919
23611429
23589604
23787890
23968952
23503766
23522986
23873270
23650169
23722008
23957145
24224143
23832916
23559042
23750573
23772169
24008558
23644610
23871086
23729867
23887781
24137089
24228114
24011316
23915250
23708455
23857776
23707274
23963599
23673358
23961339
23863558
23702667
24180696
23838767
23674445
23838015
24043906
23749508
24003171
23793778
23947605
23788436
24262724
24395696
23992422
23997669
23977401
23767313
23938776
24035810
24151353
24268895
24129174
24077144
23942903
23950671
23891359
23689784
24035651
23965632
23916617
24171678
24126983
23904921
24426930
24367189
23982709
23800973
23934479
24190588
24421439
24135512
24267607
24427920
24185620
24212314
24137771
23985764
24061357
24332736
24362011
24256840
23968346
24046788
24207507
23998066
24001707
24286152
24382666
24418898
24438251
24328269
24143532
24590322
24308639
24194303
24210654
24731066
24411858
24323657
24514077
24312476
24394314
24190918
24391128
24155781
24074899
24205802
24338023
24344307
24418678
24181023
24204996
24114340
24495589
24751452
24247794
24244364
24429308
24454092
24550639
24403086
24273026
24336625
24451610
24467367
24377948
24554174
24356929
24304825
24564550
24739655
24682964
24219054
24521770
24461171
24514112
24330015
24438270
24194680
24357050
24635058
24526675
24474261
24463894
24605609
24533410
24393217
24678507
24503340
24439705
24610761
24822215
24377807
24329324
24660305
24333601
24585031
24911505
24669584
24512001
24376269
24640888
24386636
24540138
24592580
24561369
24576042
24474156
24630751
24662389
24382175
24737477
24544684
24557075
24605530
24510207
24684415
24639933
24439938
24693895
24563773
24558126
24644802
24636071
24648577
24733284
24686280
24546505
24600765
24613712
24552747
24723155
25012313
24779055
24722005
24792762
24931685
24875365
24697127
24764206
24643292
24798169
24966982
24780813
24921290
24845536
24894023
24824508
24737907
24847503
24978401
24730091
24803251
24854101
24719297
24665609
24955717
25072450
24864121
24935527
24887700
25192754
25077004
24872666
24771862
24925614
24869908
25063645
25150699
25003766
25184854
25111310
24796453
24966207
24842366
24838134
24732287
24697860
25221941
25118178
24758982
24681316
24907238
24832115
24699443
25126201
25149721
24961803
24982352
25044723
24957535
24963835
25316808
24820284
25185081
24982797
24739890
25151714
24840441
24939361
24867241
24948884
25131800
25024920
25196119
25011608
24786724
25014055
24950588
25394963
24912989
25226389
25133328
24916437
25442518
25062254
24896881
25023029
25229659
25072901
25221235
25391527
25611603
25153713
25217738
25229753
25347371
25189520
25085283
25283874
24948245
24954308
25260457
25169778
25497141
25010366
25302041
25256977
25121561
25216793
25453818
25405021
24962622
25297921
25274641
25292105
25198634
25136105
25380317
25190495
25161558
25212341
25168556
25467585
25469714
25580747
25199475
25400037
25607035
25340053
25498975
25574067
25310918
25388789
25260395
25467166
25482930
25770887
25375456
25397105
25368672
25302358
25586909
25408358
25406581
26038856
25430425
25520253
25476567
25631047
25351968
25589626
25683104
25264458
25422795
25612679
25905254
25577835
25639088
25603505
25644617
25771394
25563040
25865547
25442804
26165193
25643791
25678825
25563845
25790444
25973122
25661253
26067955
25611319
25577403
25667213
25932110
25803543
25754040
25892853
25942286
25715215
25563152
25888264
25808228
25682755
25748190
25751939
25896913
25581820
25946954
25764374
25884447
25974716
25976786
25829069
25729470
25807413
25827448
26070885
25970749
25636682
26288706
25642918
26214934
26120043
25864599
25829220
26076376
26016619
26002862
25701771
25990762
25852652
26275013
26223017
25743828
26152982
26115354
25745411
25906766
25894333
25870726
26044836
26002581
26081566
25909096
26132989
26252804
25998551
25955611
26149828
26075502
25899699
26155229
26218774
25994482
25990470
26219934
26120907
26295191
26133023
26370199
26092822
26146860
26288367
26130969
25982945
26052436
25924547
25889391
26264899
26018596
26065373
26260890
26168686
26253403
26159287
25941236
26194245
26386754
26193443
26061416
26192601
26448107
25981841
25999309
26461523
26437985
26043265
26205474
26230931
26162920
26093545
26200442
26417042
26198330
26106447
26345931
26397894
26203854
26088432
26576840
26240227
26027440
26220184
26379251
26116287
26096376
26138454
26283222
26201264
26010962
26575558
26386493
26554187
26235679
26260625
26572209
26491131
26387229
26181994
26155268
26340824
26488835
26455774
26435366
26200572
26369664
26408165
26670475
26524165
26230167
26421773
26707795
26399104
26553091
26514120
26428001
26456319
26295253
26491323
26570031
26402854
26409114
26542494
26289964
26938820
26389117
26442833
26546611
26648906
26613555
26791870
26543202
26413926
26644712
26330342
26616582
26521420
26507239
26728324
26412414
26709865
26638095
26549660
26493704
26502176
26637958
27047481
26338132
27148119
26692030
26827706
26915587
26781308
26595490
26714999
26990782
26687062
26628859
26596991
26648251
26510143
26722166
26756364
26554469
26685119
26802480
26552975
26695890
26839397
26722547
26746667
26522177
26527080
26430939
27098584
27000286
27094151
26888158
26620352
26926583
26934191
26913339
26990267
26678958
26700511
26673474
26997625
26831225
26564536
26796958
26674054
26808698
26585438
26799736
26728613
26589804
26774120
26775087
26874561
26638301
26957039
27130605
26899049
26925618
26895731
26958702
27386327
26700427
26856106
27086110
27206980
26721832
27239112
27146456
26939045
27146628
26931427
27004296
26904510
27289355
26846990
26935012
26954236
26837205
27005999
26886063
26923036
26931981
27335119
26979737
27247690
27142596
27010793
26942288
26953159
26974827
27140799
27028357
27165906
27430654
27251909
26858387
26937326
27067914
27360299
27067651
27033732
27124935
27199502
27245152
27160483
27289669
26989792
26988020
27262731
27092446
27088767
27020484
27425445
27088807
27140815
27304809
27428124
26993671
27464354
27303609
27369830
27303120
27133966
27138511
27382661
27279289
27325230
27235048
27076865
27235752
27211286
27198064
27666241
27005744
27355933
27327862
27252824
27387204
27385785
27255322
27404318
27217882
27843511
27376540
27342219
27590021
27464369
27271063
27393224
27224559
27410735
27411050
27346808
27342257
27480902
27695709
27118281
27279438
27339234
27140594
27391150
27407876
27517312
27273662
27294527
27422000
27517907
27437901
27720613
27341622
27663856
27465272
27524726
27820938
27729094
27349250
27613197
27431520
27480052
27320926
27895013
27785892
27421499
27516100
27377905
27201508
27706849
27533546
27538113
27447112
27591840
27676361
27697445
27580119
27846888
27597167
27405607
27944212
27659335
27575069
27839733
27327999
27491098
28055904
27663437
27797019
27343430
27695979
27453942
27629428
28139051
27682053
27812648
27716750
27440460
27496509
27541232
27714663
27595375
27698029
27882235
27761857
27631862
28277545
27626483
27634667
28030089
27610772
27658602
27342458
27585111
27841279
27664355
27705726
27783070
27711376
27940039
28001047
27421920
27549897
27637542
27725036
27684327
27658768
27663130
27641588
27604935
27656952
27826798
27804679
27435586
27982438
27580634
27656925
27495142
27717783
27545880
27758940
27810988
27908289
27827342
27711979
27663792
28111666
27493035
27668591
27852727
28261843
27789522
27769022
28006376
27799785
28335504
27887724
27877938
27768991
27510926
27777038
27711720
27966962
27864093
27663460
28043055
27936538
28275578
28181229
28029849
28020280
28361301
27869529
27707341
27673593
28177761
27776812
27740067
27878997
27923250
28143799
28097408
28442255
28244737
27815811
28099775
28085551
27876779
27983632
28028350
28142665
27830987
27841944
28153860
27933822
27800760
28604744
28281612
27942754
28195668
28166138
28194674
27943387
28336289
27991357
28230803
28087591
28382941
28518550
28117358
28182771
28132286
28022607
28497405
28427691
28257738
28013668
28101921
28400362
28164287
28158470
28340126
28376194
28476348
28123891
28198942
28185823
28396902
28470294
28536262
28471635
28276922
28402538
28209961
28480866
28101874
28316088
28111316
28233560
28528747
28230739
28390066
28389693
28417754
28828930
28650558
28203202
28564045
28256728
28453073
28367881
28132075
28576569
28578863
28424047
28581311
28404079
28470848
28785423
28365162
28659920
28465693
28353730
28642697
28277211
28274398
28549750
28319733
28484710
28510954
28232002
28636754
28717298
28542053
28517191
28704523
28675693
28587849
28531133
28510598
28625336
28613798
28676162
29094469
28461183
28961476
28386401
28582878
28803910
28600534
28384167
28631660
28809132
28264849
28662854
28412205
28621496
28876397
28303896
28360373
28879287
28540750
28613275
28579552
28751303
28627922
28695996
28483516
28598227
28745259
28876596
28533225
28760976
28759934
28583756
28600875
28872591
28759357
28665944
28683074
28668415
28701307
28557300
28426925
28729863
28930089
28416406
28786006
28849265
28606762
28762096
28548681
28573453
28561786
28589825
28724121
29096333
28740737
28808573
28684499
28695197
28687823
28866277
28719777
28494007
28699907
28905135
28613447
28753030
28686984
28762285
28941208
28725995
28692511
28755282
28800391
29204498
28719699
28547804
28589730
28814479
28688395
28949757
28916462
29162372
28870495
28791154
28967504
28720784
29147317
28926416
28870038
29152596
28815201
28675224
28863384
28804024
28623187
28724485
28871972
28956594
29064729
28753698
29046935
28766938
28978103
29048783
29126485
28986850
28869301
29100624
29101213
29189962
29056943
28969629
28961661
29052174
29118181
28869792
29102291
29090074
28789262
28978918
28871639
28941643
29210601
28977833
29069209
29053381
29172346
29164375
29038284
29687191
29374569
29077144
29226034
29378060
29075816
28990970
28901015
29061245
29221640
29102334
29041469
29243100
29108882
29239278
28843134
29050233
29134438
29247953
29244010
29182521
29037900
29179558
29035055
29106489
29200689
29489338
29528397
29768386
29113960
29296766
29210403
29210366
29184461
29196940
29273675
28991533
29157720
29688363
29099053
29415783
29554773
29229770
29183618
29283730
29335263
29294631
29519212
29064314
29366927
29119728
29066129
29277747
29404518
29301845
29264794
29263636
29306083
29252059
29225115
29305984
29179188
29577517
29155941
29121421
29731313
29367755
29376788
29356088
29279455
29366870
29256277
29161375
29180296
29236116
29443943
29148774
29280826
29167460
29257430
29155300
29371080
29600127
29274898
29369228
29159274
29440643
29310846
29206902
29281285
29370511
29281738
29190912
29245778
29257393
29268088
29711613
29478165
29554772
29448460
29400193
29185516
29495856
29555720
29946726
29270278
29724854
29203395
29323370
29403301
29629966
29239808
29191893
29505764
29490735
29391578
29664162
29605160
29365963
29549757
29569397
29707995
29222630
29591133
29562196
29708797
29411114
29875145
29461587
29470507
29250803
29501279
29546351
29656096
29414609
29571782
29733953
29627623
29487709
29786429
29612416
29581585
29426195
29475638
29797591
29760570
29524930
29720577
29904458
29795337
29369318
29650169
30019315
29715014
29489381
29564888
29655324
29529400
29440475
29676433
29638611
29598930
29702690
29748824
29441024
29693812
29681491
29831825
29822524
29599127
29718714
29813549
29748550
29786456
29921023
29674468
29689425
29788722
29811040
29689387
30182079
29695355
29951746
29776850
29633113
29495587
29676672
29899926
29602616
29993830
29734308
29822188
29750172
30017088
30155354
29762964
29894964
29993246
29831058
29855184
29687437
29816133
29800904
29878968
29964552
29796616
30131872
29808046
29916279
29994620
30073302
29817969
29583673
30218483
29804755
29627957
30122850
30202282
29823096
30019546
29866600
29857084
29968742
29698834
30124769
29864075
29775394
30073372
29933964
30202003
29738244
30014434
29928415
29680402
29902961
29701475
29829500
29834154
30070012
29765272
30128246
30124965
30044669
29938132
29930747
30066909
29992334
29776499
29852759
29932085
29774400
29718429
29887762
30055609
30073146
30031187
30087410
30004142
30072713
29910938
30191462
29888175
30161824
29975307
29797422
30084721
29820913
29833399
30169380
30056155
29904652
30006331
30218384
29941394
30185363
29919893
30064636
30209796
30126895
29999264
30073302
29875641
30043667
30008246
30047893
29925896
29880991
30085765
29885675
30230894
30056542
30089268
30155002
29969890
30078617
29863925
30411748
30182985
29951874
30080793
30108311
30101994
30294587
30030111
30261475
30118319
30296774
30013028
30233165
30216721
30367390
30133291
30397102
30404987
30220848
30356245
30315573
30213135
30110145
30349205
30244770
30472172
30512826
30187724
30244375
30173572
30196888
30359281
30245317
30429090
30349591
30460926
30449900
30388793
30261232
30518604
30416880
30536937
30372257
30320842
30482951
30780683
30309811
30503966
30603439
30357340
30515166
30269496
30768751
30296393
30449955
30610129
30365025
30417069
30559453
30596674
30798376
30630285
30592905
30631030
31432894
30509064
30689537
30567484
30473178
30734695
30647627
30491573
30348150
30643789
30562135
30690227
30273768
30516104
30651497
30593538
30926537
30725889
30870617
30551860
30703415
30713348
30843853
30636275
30582211
30717088
30604052
30689580
30615561
30396176
30520565
30825987
31018269
30712117
30931775
30648224
30782738
30536769
30710448
30531406
30791339
30610181
30944199
30798257
30671900
30698463
30909602
30916941
30506926
30675716
30583026
30644108
30749847
30679265
30446357
31039315
30927033
30864889
30726166
30729119
30779840
30837296
30766632
30878021
30616996
30550741
30715430
30834802
30998729
31078570
30884436
30740168
30718321
30858445
30954410
30737579
31011904
30913330
30938274
30823871
30787178
30838796
30867952
30849524
30555907
30711515
30815917
30832091
30706684
30898919
30833145
30793005
30599290
30949253
30786163
30738164
31018576
31034168
30957164
30618401
30845002
30999568
30730189
30920812
30691920
30851887
30660929
31201679
30947939
31003376
30793135
30953886
31176879
30996743
30884519
30823384
31050681
31104337
31129308
31211529
30851238
31075318
30904829
31161022
30709564
30986996
30908178
30799728
30901923
30822243
30895051
30868310
31072966
30856513
30934388
30867272
31048058
30940177
31142284
31751429
31040303
30945989
31026184
30909390
30998185
31130264
31087449
31188288
31084160
30977728
31020728
31157337
30910652
31213784
31041414
31016776
31123691
31129212
31396379
31097419
31423000
31090911
31166711
31050784
31208242
31058169
31184800
31668190
31189713
31083034
31083996
31275977
31542165
31195181
31217106
31129525
31256576
31258779
31210548
31179207
31300895
31278669
31427162
31543867
31542979
31095820
31119173
31174658
31332395
31468162
31711990
31315071
31421432
31127078
31241260
31517096
31360965
31588044
31488358
31506744
31632661
31531179
31419764
31250447
31400585
31300933
31566904
31629493
31535437
31572376
31512156
31475036
31628373
31687888
31523272
31392733
31653309
31608963
31640336
31518312
31519044
31316819
31605968
31666702
31431957
31871744
31350745
31932440
31667517
31616225
31841202
31662958
31767423
31692568
31744297
31354652
31819695
31754580
31539822
31517301
31400627
31685459
31879653
32020685
31814752
31506321
31580861
32192391
31658380
31956860
31714911
31474887
31834644
31817377
31685006
31757976
31556807
31929930
32176949
31787795
31728449
31877091
32046185
31494923
31775805
31462761
32035886
31832746
31746296
31917451
31917584
31771284
31765141
31724722
31851440
31808600
31974265
32157634
31973005
31913112
31715712
32136045
31900585
32128648
31756368
32156106
31863346
31863703
32067640
32296161
31970581
32121274
31928576
31859750
32067782
31857065
31912651
31877192
31971663
31768147
31990469
31895600
31944942
32233339
32181940
32372322
32218820
32236010
32278819
32287686
32174592
32292751
32003722
32579854
32225170
32467571
32045854
32263051
32270864
31975293
32045536
32025705
32286384
32149543
32154406
32259541
32161748
32079149
32179991
32333597
32205549
32086427
32376517
32392544
32300540
32196163
32448902
32065820
32201728
32356762
32350749
32391673
32333514
32281828
32475149
32314011
32084485
32488990
32619297
32281348
32262256
32434738
32118950
32222625
32597967
32359126
32372869
32201336
32231240
32360143
32312873
32371515
32656756
32481050
32520706
32384180
32561471
32404820
32297890
32485012
32677266
32604819
32506597
32238218
32349679
32451079
32471332
32629598
32614063
32522099
32483676
32531420
32640071
32470066
32689374
32698291
32787238
32754257
32315947
32507098
32525649
32757779
32523404
32716999
32771987
32325638
32506600
32475259
32797619
32603700
32364806
32796047
32769862
32543766
32857249
32770505
32741589
32594773
32645808
32611545
32790206
33023956
32823611
32601604
32761216
32568820
32722531
32744251
32721881
32998441
32925341
33047369
33204011
32799086
32578196
32510500
32650197
32984442
33064140
33463268
32797562
32710983
32963246
33000344
32828274
32819900
32727979
32801898
32657036
32762674
32751765
32847464
33141981
32724038
32954635
33052205
33027168
32861161
32836749
33039307
32905789
33058495
33111268
32807730
32846182
33209134
33247079
32802784
33074829
32843096
32805529
32875489
33160818
32929060
32956265
32930493
33117567
33012629
32948086
32954701
33148722
33173332
33264820
33358892
33336045
33010082
33188387
33082320
33247138
33030218
33180540
33246625
33494811
33022827
33231662
33338566
33166779
33401475
33246975
33733538
33046066
33209620
33225054
33539223
33066990
33406451
33129153
33105030
33267318
33401417
33501716
33148062
33221237
33115180
33415174
33286558
33521266
33418726
33446489
33389124
33373805
33257029
33354825
33562069
33343891
33055049
33246781
33208963
33358328
33409518
33385129
33334194
33490266
33280707
33187917
33131840
33391615
33245270
33222229
33512386
33479334
33399379
33301327
33359000
33468598
33379391
33363013
33383031
33345228
33465480
33182285
33389178
33378597
33247891
33951549
33253045
33364971
33476745
33336501
33252041
33672472
33456831
33267681
33775740
33456068
33734816
33435727
33609359
33654300
33360674
33432376
33313624
33695143
33601325
33406691
33567848
33705234
33564893
33528818
33293241
33411971
33572007
33300482
33484240
33717003
33392639
33832441
33486595
33666331
33953664
33324244
33425543
33484481
33839217
33385487
33433286
33817833
33745936
33724486
33516214
33451882
33609308
33562674
33523867
33767249
33346359
33795529
33657652
33921377
33449887
33537561
33706060
33738601
33689289
33826539
33659106
33543696
33847357
33714105
33705964
33700583
33736106
34031402
33756119
33912534
33493473
33740503
33758030
34011830
33499655
33662990
33709086
34042411
33747231
34050632
33829253
34147529
34045390
33971444
34021776
33885066
34048672
33809632
33877005
33813907
33724748
33783605
33842592
33936456
34063467
33786001
34051970
33988976
33934084
33531701
33866753
33670985
33940706
34004342
33802592
33904689
34024892
34014585
33761593
33999617
34369234
34238477
34007771
34142983
34007669
33799735
34408028
33797256
33823649
34005686
33762018
33669875
34002252
34018909
34064827
33958591
33967151
33908999
34032802
33793224
33855919
33916546
33893913
33905078
33934583
34374600
34204813
33911905
33862263
34269659
33952557
33895068
33739541
34168767
34176362
33877676
34087862
33795937
34257134
34014030
33814403
34346759
34115831
34010576
34595293
34229138
34090286
33890353
33933488
34037458
33924788
34132392
34317056
33995778
34176553
34313249
34444624
34013487
34238141
34372096
34230419
34426781
34491481
34010481
34099733
34138118
34144821
34670215
33971738
33861849
33980904
33882374
34144473
34443673
34352809
34719272
34183034
34270910
34645111
34410472
34226743
34409258
34481502
34660579
34125407
34330528
34055298
34181325
34538864
34317622
34562567
34281056
34544040
34231635
34441759
34306628
34254008
34569407
34147156
34721271
34185174
34724958
34203437
34556478
34310617
34307135
34222760
34438624
34147047
34576637
34342511
34326045
34204652
34177141
34434167
34448270
34440151
34458306
34715884
34177865
34387623
34424509
34356203
34435071
34715043
34443567
34348905
34433097
34505763
34224439
34475185
34630189
34499202
34316437
34305376
34411299
34405209
34737782
34689916
34620952
34346914
34309351
34358286
34375747
34412573
34423471
34496392
34573577
34508566
34449234
34294247
34692130
34579827
34455582
34538108
34403790
34376748
34654692
34506188
34674470
34597064
34399504
34404435
34406022
34604856
34625585
34579840
34652910
34498294
34367067
34628346
34703046
34664064
34601533
35140049
34527114
34644103
34662582
34317427
34664337
34488207
34482487
34458768
34746590
34650342
34783345
34787116
34647322
34529945
35047166
34671378
34517764
34594338
34839245
34655641
34680964
34661786
34591536
34796741
34613244
35049543
34661036
34620812
35246479
35068885
34696854
34806829
34700188
34909165
34685082
34872570
35020750
34793492
34724994
34942074
34965618
34789455
34694245
34771605
34755970
34936508
34878082
35041503
34832673
34671584
35064982
35033932
34944866
34850317
34684847
35013172
34953575
34748147
34798619
35113411
34981081
34931984
34986148
34833736
35113474
34829391
35314376
35211938
34886408
34960746
34901081
34816941
34881643
35048378
35475287
35234290
34956869
35356356
35106854
35064406
35428336
35043474
35123956
35081239
35091364
35011395
35147765
34916069
35200957
35280084
35223393
35249092
35346787
35297978
35272178
35390720
35125100
35261182
35270597
35478095
35384168
35356324
34967562
35065697
35356744
35523876
35168999
34922105
35301468
35458882
35196416
35325654
35128659
35829948
35633583
34957205
35632963
35502130
35253577
35352556
35365246
35417250
35544760
35079039
35453079
35554419
35346588
35898472
35557919
35445778
35447568
35174893
35460433
35494182
35346041
35583757
35691271
35058988
35455104
35365122
35404592
35496628
35442804
35368733
35477132
35497541
35722989
35857976
35326160
35411266
35500170
35091194
35393856
35629408
36036484
35641156
35591059
35156519
35359086
35256072
35366809
35429530
35488829
35748315
35738332
35512581
35522372
35871677
35680551
35451103
35621692
35387940
35714002
35487726
35563354
35600121
35257187
35487565
35560826
36229601
35543506
35712156
35441608
35609974
35688778
35427363
35641709
35518239
35479583
35270151
35611920
35682574
35677498
35725852
35485774
35800150
35682115
35605498
36053429
35593804
35487362
35762122
35804870
35928148
35509746
35616277
35671617
35714537
35644679
35949597
35765024
35664225
35661602
35758904
35686855
35923040
35635518
35661607
35390184
35829771
35992528
35727476
35868515
35993652
35703468
35950971
35795295
35749595
35874532
35799747
36201667
35970735
35883052
35796380
35680390
35793345
35802518
35767569
35474554
36048463
35956078
35947332
35752383
35992390
35908942
35705526
35465543
35450466
35727282
35965292
35721273
35986253
35843733
35868740
36012004
35810404
35854543
35791360
35823028
36264023
36011905
35995395
35936465
36302295
35900845
35971439
35830716
35922591
35855343
35655185
35940121
35829643
35997181
35819784
36104868
36027266
35850325
36110908
36036862
36145094
35953433
36226829
35831572
36170432
36200381
35969885
35767511
35979872
35866362
35993779
36437217
36036963
36266499
35866843
35671238
35992812
35996595
35870603
36040766
36039981
35789217
36084271
36199355
36018901
35911880
36270349
36215696
36276439
35835264
36074515
35789699
35743659
35686358
36200223
36009794
36010000
35913937
35921883
36090409
35958067
36095711
35897101
35821907
36123226
36048157
36249573
36029487
35946143
36165397
35792881
36009881
35982019
36266217
36067559
36057819
35954782
36481952
36083998
36263107
36188841
35857287
36375061
36066224
36117544
36192271
36222590
36239626
35953480
36242114
36315474
36035708
36238178
35981513
36573616
36194468
36084645
36204020
36372331
36480164
36270936
36053502
36383559
36065956
36326743
36255209
35969556
36636338
35888036
36099877
36164485
36483995
35931309
36268985
35947807
36111508
36472279
36186667
36237856
36185333
36031877
36164702
36264367
36195888
36256033
36414982
36141737
36196774
36253183
36255722
36187258
36307210
36086612
36202511
36120946
36296441
36594934
36055855
36121091
36860807
36367267
36294372
36141820
36209550
36407616
36215424
36659203
36288859
36342603
36213202
36316199
36199551
36575899
36335820
36213612
36441927
36200184
36619998
36259871
36163501
36377439
36453128
36185818
36329893
36432832
36319131
36307562
36410527
36402544
36332519
36329216
36509841
36367309
36248475
36760331
36428708
36549980
36460569
36212509
36344651
36583206
36379622
36390609
36464480
36253750
36311034
36490912
36554843
36767381
36472433
36370112
36579046
36504833
36514167
36587698
36494288
36475394
36833339
36715847
36569496
36392468
36464160
36305958
36595645
36413119
36626717
36594975
36479165
36807305
36837697
36563335
36524699
36535802
36546454
36710669
36440654
36498437
36577916
36592184
36555737
36554855
36683513
36778131
36896521
36899588
36661069
36767910
37065174
37092960
36513294
36960216
36846344
36776903
36645276
36637305
36823225
36995083
36718256
36821585
36762435
36652943
36600920
36595276
36812930
36709868
36749108
36672591
36902398
36926502
36668498
36801995
36731323
36543596
36831693
36724529
36675274
36803315
36778616
36901375
36896776
36776168
36746112
36623915
36751445
36878264
36600006
37066859
36698062
36856550
36801291
36775347
37001083
36684060
36822107
36863341
36923522
37036835
36780309
36936167
36916058
36684589
36802074
37352453
36881631
36991491
36673266
36800768
36930702
36839052
36859096
36987262
37026244
37003821
36839643
37108194
36973894
37060587
37270090
36866394
36851437
36836765
36977767
37078378
36963746
36789589
36952343
37079059
36912593
36810932
37126666
36977635
37029824
37031705
37138315
36984710
37055781
37149783
37042480
37095737
37245891
37074245
37059588
37134474
36922172
37248408
36978139
37157222
37437767
37152579
37163779
37017902
37365589
37271562
37191582
37089725
37441654
37154134
37453563
37253319
37288375
37680862
37252320
37327259
37475606
37460255
37377608
37483887
37477359
37313355
37238049
37253340
37182026
37391019
37421463
37619531
37576323
37482019
37310460
37424383
37088681
37700938
37553255
37440338
37417274
37373556
37752076
37395971
37411695
37518684
37427489
37399307
37699801
37635443
37580751
37762860
37547092
37381534
37753628
37292067
37809502
37615988
37691525
37712353
37944844
37632800
37480504
37804224
37733120
37798713
37644274
37786670
37714932
37582597
37535370
37781148
37858776
37706401
37728265
37605660
38014111
37715338
37790252
37681373
37612631
37774967
37685451
37698272
37678322
37930826
37791642
37941658
37627521
37868192
38272954
37822469
38059850
37807148
38027752
37858136
37957092
37711365
37821836
37691835
38162654
38122297
37908166
37987721
37708119
37804173
37990965
37740129
37827552
37895163
37936387
38168831
38040100
37993612
38095029
38700989
37877640
38121841
38075373
37836566
37746470
37727629
37895593
37812261
38353346
38125148
37854050
37823493
37971507
38041636
38093299
38211367
38043290
38104337
38055466
38222309
37835261
37917172
37838068
38115604
38123263
38115251
38032419
38392369
37970175
37976976
38523850
37926943
37838700
38035451
37813783
38156917
38069065
38164070
38259581
37946821
37859654
38120897
38104915
38185162
38126180
38088305
37904170
38192605
37904432
38269629
38126048
38297175
38165368
38597369
38265081
38117604
38141938
38061686
38037473
38128163
38239841
38142011
38377753
38396339
38417705
38407474
38418852
38127440
38245863
38000805
38196968
38257049
38411613
38191499
38505929
38396874
38649182
38124423
38459256
38358536
38312998
38325212
38255407
38171549
38415892
38584265
38532974
38411207
38366436
38309367
38277919
38268470
38658725
38402736
38484328
38502491
38451387
38445129
38739554
38159119
39024116
38561119
38402709
38465036
38334285
38418394
38467197
38478779
38446798
38499427
38388331
39125810
38356370
38296683
38440650
38495608
38573434
38563070
38402180
38690471
38720011
38831351
38477328
38608233
38781730
38485818
38761913
38748361
38602108
38303823
38607234
38597800
38677540
38737982
38843105
39053271
38441829
38566845
38697454
38719062
38456838
38519395
38789252
38768815
38725169
38692041
38802366
38765735
38767739
38672071
38717705
38560599
38822586
38732814
38757198
38693086
38836424
38969968
38627882
38584788
38544990
39013051
38859607
38696347
38981452
38591750
38802016
38767668
38591613
38785620
38836299
38920971
39197472
38952134
38767205
38772876
38778107
38953549
38666920
38986027
39152379
39139150
38997078
38683595
38739887
38567157
38823901
38872439
38629557
38799081
38801264
38887054
39076463
38781427
38721060
39092969
38855443
38926655
39077397
39174427
38833506
38903274
38657426
38880705
39297892
38978483
38985475
38907861
38654392
39034125
38939310
39325739
39099534
38658550
38677413
39247344
39257852
39389334
39170010
38802356
38830058
39095197
39238298
39061111
38945430
39320004
38904542
39323829
38927136
39328949
39289192
38926103
38926081
39142671
39114391
39388948
38933362
39178634
38853441
39092340
39278782
39516391
39423181
39162852
39077641
39366447
39160148
38972792
39377032
39195695
39020034
39716720
39200227
39463648
39755081
39681468
39169459
39511268
39183329
39077968
39236304
39028600
39120605
39245230
39251077
39255934
39092430
39493457
39948087
39172121
39488008
39142929
39591965
39710623
39815305
39502000
39298034
39235539
39352038
39612441
39439420
39504444
39156676
39398714
39353495
39619235
39657333
39510651
39317842
39506498
39450120
39274034
39646248
39707184
39228447
39745664
39131715
39447253
39538999
39738514
39511755
39560091
39678952
39386835
39446745
39538228
39560529
39534128
39823600
39564346
39699908
39704816
39352854
39334030
39347068
39685050
39440146
39689858
40015197
39527283
39711863
39957284
39587012
39444897
39628035
39575373
39641627
39694444
39594286
39384141
39350403
39449540
39580051
39344749
39518638
39784812
39586781
39743995
39646688
39624170
39629806
39837627
39662490
39745035
39598934
39602144
39739644
39521188
39522255
39444859
39580791
39449449
39622691
39750451
39669329
39841834
39904202
39902465
39501318
40097918
39822487
39754019
39570420
39934829
39907707
39685627
39528879
40002317
39938623
39539886
39699286
39960671
39912253
39802578
39660649
39724819
39730443
39732930
39871162
39972002
39599969
39635902
39802316
39872237
39650467
39838068
39597411
39690184
39841287
39795748
39962666
40120081
40039823
39884292
39974340
39915295
39835170
40052488
39686164
39672298
39919809
39775468
39641809
39736048
39907872
39961664
40102400
39818006
39792676
40029833
39839458
39682664
39719148
40011582
39736013
40130053
39909967
40016843
39890179
40039247
40103468
40068912
39843134
39924202
39689997
40034472
39957695
39751311
40036231
39888667
40144450
40038164
39937793
39939791
40135499
39860772
40390507
40074432
40057779
39761967
40418141
40514340
40301106
39745275
40100425
40241600
40093639
40138333
40183170
40003247
40231152
39972557
39981698
40113369
40092737
40085460
40202077
39812597
40134026
40087242
40173385
40071463
39965157
40038768
40157997
40191130
40167294
40223871
40176222
40094698
40215397
40330780
40219318
40325017
40016750
40348407
40308003
40032640
40110327
40114346
40172000
40387389
40644449
40360995
40243072
39883224
40332908
40087470
40550128
40444292
40533438
40421233
40373566
40332853
40419407
40644023
40684324
40617643
40361088
40061419
40159817
40214498
40446549
40642651
40389684
40270212
40716915
40362468
40721322
40570218
40367372
40591183
40432376
40570177
40488868
40498048
40464378
40737670
40522558
40741938
40712049
40567076
40524927
40503138
40601878
40539370
40460969
40583191
40525181
40570831
40456631
40719162
40707660
40478529
40542192
40387864
40736210
40573604
40665629
40767673
40564613
40674494
41116831
40644566
40796289
40706645
40731404
40864192
40835099
40800276
41027112
40681613
40713077
40607186
40670379
40544029
40744684
40829753
40656660
40809658
40867337
41068853
40860135
40931600
40686130
40743648
41039423
40788857
41234513
40738835
41061231
40869447
40918242
40942234
40985096
40862368
41004424
40547949
40929092
40776899
40896308
40788090
40617376
41025863
41166288
40835388
40876050
41212067
40863038
40792110
40952156
40959604
40892473
40889206
40972509
40793441
40997760
40958380
41005753
41006012
40730249
40920767
41146645
40928315
41183600
40854477
41126936
41061949
41277889
40805941
41010920
41321055
40865796
41120747
40828499
40923690
40881945
40944543
41046752
41003152
41139528
41030215
41228741
41233236
41229964
41116621
41183529
41072226
41187173
41240097
40977159
41296161
41032676
41104364
41272892
41088380
41086049
41254857
40893046
41393539
41176723
41284030
41235017
40999910
41331384
41418152
41318675
41411870
41162586
41150560
41066187
41336846
41417071
41599623
41558034
41253634
41151760
41265207
41599967
41209876
41166536
41256022
41219449
41175493
41392412
41234838
41446619
41167213
41631864
41220146
41171339
41326147
41535315
41412408
41337435
41314252
41522068
41420916
41345162
41681734
41514463
41407226
41364973
41337914
41185431
41687869
41476762
41515665
41316511
41716877
41430659
41326700
41330004
41316660
41541144
41415878
41826826
41574196
41605794
41293194
41767389
41623228
41491577
41734961
41768211
41516472
41617843
41443452
41561079
41661198
41482369
41493418
41646318
41598551
41568541
41714396
41710126
41630818
41364405
41424818
41376680
41600986
41548317
41390128
41859763
41644742
41723246
41986353
41845015
41496138
41812802
41750870
41661589
41495136
41581940
41759093
41976736
41443973
41577914
41492714
41601665
41518196
41798995
41645240
41677810
42121620
41629425
41983194
41574156
41703695
41782845
41857131
41860702
41925037
41948594
41844819
41800277
42138737
41775207
41604166
41820487
41630935
41604901
41882937
41684915
42012352
41625073
41700711
41647649
41585941
41594580
41801841
41974858
41880815
41984969
41694628
41803452
42022061
41802148
41797956
41765420
41646041
41822653
42003611
41744389
42064205
42190992
42135164
41971921
42008399
41875011
41936068
41769818
41881542
41942169
41862399
41848491
42254158
41885535
41869760
41958813
41997930
42427378
42174830
41715097
41776423
42121941
42135647
41917632
41855951
41958427
41921468
42146581
42110101
42070098
42124695
42068891
42045678
42005279
42015920
41973068
42149730
42153891
42387843
42112827
42060564
42108904
41887936
42225119
42360942
41983477
41987225
42143138
42112961
42493135
41936322
42122661
42091001
42033888
41927407
42233933
42233718
42583947
42184733
42092212
42010549
42234295
41982371
42262685
42090396
42353504
42209287
42156760
42323039
42353455
42261317
42284331
42068342
42253913
42368303
42354549
42279683
42250548
42401779
41994759
42175908
42309195
42061564
42271643
42282761
42224057
42251150
42271326
42402836
42284781
42311749
42213373
42372523
42357457
42289804
42307495
42293378
42397100
42225160
42274815
42448056
42549337
42070967
42444830
42288154
42329119
42364899
42298359
42646561
42177818
42516409
42308339
42457054
42543733
42344505
42462906
42380252
42425138
42405586
42551778
42375824
42327124
42898898
42472772
42667045
42669621
42693316
42370446
42645486
42410937
42951081
42538846
42752025
42695519
42568842
42585917
42543363
42756533
42605612
42331968
42788088
42427892
42629288
42819088
42782114
42805870
42462461
42435090
42686457
42386689
42660471
42854181
42678066
42603723
42574297
42486423
42641395
42644080
42478329
42564423
42643869
42574461
42939784
42990008
42674199
42485948
42612449
42479276
42472439
42758977
43068349
42727596
42728440
42733112
42978345
42537654
42597842
42788454
42753058
42823615
42854673
42855792
42912706
42885791
42893822
42730985
42786398
42568173
42794236
42681798
42789339
42874687
42780678
42953080
42600012
42955922
42735982
42728327
42935596
43041331
42899897
42847605
42721990
42622078
42950488
43008475
43019497
42933564
42972994
42722976
42958049
42951852
42950585
42928953
42783233
43065121
42759621
42852850
42852155
43164678
43359717
42933094
43349976
42758369
43160698
42784466
42757180
43470041
43171632
42803055
43113797
43381475
43381668
43383745
42917982
43068781
42994059
42995351
43199937
43084138
42983180
43154638
43002267
43078124
42858829
43139553
42844774
43065041
43186818
42948979
42894239
43429337
42932963
43394761
43363333
43056379
43300716
43280749
42917787
43254435
43042584
43369970
43127749
43283011
43165166
43350613
43387368
43339064
43083074
43042271
42878030
43474439
43490960
43323657
43453788
42960762
43389968
43217153
43057235
43412968
43272160
43149090
43282893
43202399
43589174
43376521
43264673
43001157
43446830
43211662
43339248
43327711
43298059
43512584
43432954
43898911
43347401
43328615
43472036
43736707
43288037
43378025
43248935
43562166
43328517
43518396
43492285
43565908
43492943
43353272
43461195
43412976
43516637
43406514
43112728
43391166
43381586
43571242
43743215
43519063
43375439
43690705
43756448
43530409
43530797
43425789
43648995
43447950
43630809
43442206
43577090
43700307
43805243
43548293
43591733
43787902
43565141
43743198
43496100
43350184
43703615
43315149
43944219
43869101
43672523
43862349
43610817
43701206
43691271
43810549
43481850
43758331
43766446
43793922
44114286
43604879
43836662
43593523
43667298
43720864
43816105
43814029
43791211
43732309
43920267
43911824
44000145
43969609
44054506
44092570
44410474
43963614
43765799
43949064
44253550
43999693
43893817
44053565
43841720
44099714
43923742
43774112
43774537
44128023
43961238
44140505
43922019
44457179
44013617
44208487
44263731
43946656
44260594
43979238
43953520
44154572
44113260
43888231
43998491
43856028
44046635
44111250
44236253
44054773
44259149
44242130
44124035
44048485
44000428
43995176
44214130
44121499
44078995
44083067
44007174
44027968
44063869
44273165
44211108
44067933
44021675
44100723
44378969
44487751
44155539
43901868
44259108
44535428
44401269
44163512
44123943
44097878
44324520
44435288
44222359
44375613
44242861
44038346
44673334
44602321
44323938
44436464
44649015
44497484
44225396
44189984
44386317
44098478
44129022
44576173
44132990
44373550
44305267
44289459
44311219
44117900
44408896
44341146
44439525
44382563
44310587
44473398
44369511
44109548
44392111
44304748
44447970
44599892
44389661
44467531
44326995
44184131
44176238
44391335
44375710
44471903
44657445
44490179
44629876
44402285
44564863
44303576
44812081
44557050
44597058
44522758
44435631
44526852
44375296
44511798
44326258
44583549
44480822
44630247
44419474
44521409
44508527
44534493
44540706
44421554
44437381
44612441
44492236
44469179
44576715
44632406
44508941
44973460
44471915
44610708
44608699
44598424
44583883
44899397
44848884
44494476
44855946
44797606
44666107
44632041
44608690
44442443
44880519
44665721
44850063
44613266
44520608
44503334
44765238
44535582
44943180
44685422
44838581
44684546
45120463
44583977
44688609
44611897
44714058
44711587
44652856
44929240
44515025
44806616
44838432
44869695
45035956
44869671
44709081
44957584
44959602
44850879
44847330
44768441
44747206
44752150
45002018
44811751
45065784
44725576
44958555
44950521
44962211
45119433
44772472
44700036
44762550
45000610
45204549
45058527
44897939
44713109
44972498
44771594
44895276
45072335
44878595
44949006
45048445
44815350
45217024
44806011
44942260
45009992
44904406
45209665
44857434
44803160
44913300
45007116
44876931
44869453
45049726
44878525
45155149
45160605
44950300
45506102
45003331
45108656
44988170
44874879
45110746
45669809
45162423
45200873
45376025
45308935
45232761
45320590
45041444
44936030
45313475
45280567
45646331
45445565
45072385
45388346
45209781
45245400
45721573
45668328
45435357
45353104
45660532
45276954
45452531
45288702
45379848
45533351
45440691
45198642
45364622
45380769
45517609
45245815
45523811
45412377
45380851
45278912
45407543
46038875
46163371
45529812
45355008
45500890
45487653
45368725
45394337
45472941
45872065
45280657
45703730
45450939
45326392
45362693
45853247
45278736
45299252
45468086
45405851
45358269
45423133
45440842
45851254
45729363
45436005
45708103
45502592
45710892
45940524
45755256
45887059
45650368
45569865
45766981
45887866
45521282
45447984
45610413
45542522
45413151
45422766
45855625
46011767
45735896
45607371
45787355
45475237
45625528
45528826
45462221
45890869
45923558
45625008
45973053
45582994
45700214
45988780
45599336
46003574
45919543
46007807
45706469
45774319
45838392
45866870
46245592
45592383
45838128
45845158
46440419
45913130
45839421
45829033
45801488
45985735
45524187
45968452
46088644
45736248
46318251
45969706
46008928
46159137
45976216
46143711
45825895
46039672
46096250
46051801
46414567
46189294
46039899
45953868
46350088
46007810
45948154
45980004
45831119
46036020
46083710
45982397
45858987
46313024
46140966
46207840
45888315
45994458
45931378
46247978
46139002
45901437
46286862
46062605
46218785
46027930
46027416
45896422
46214894
46248810
46566395
46132077
46331203
46010741
46227800
45864477
46141007
46042941
46176973
46110988
46255031
46331242
46341049
45921286
46424492
46312955
46103326
45930664
46072638
46443559
46345215
46197311
46186864
46212165
46186825
46101904
46186846
46328674
46588827
46405475
46402778
46104388
46305056
46464737
46643985
46307104
46139011
46179423
46337579
46416039
46364063
46217182
46157422
46703471
46231063
46232419
46347754
46589979
46529656
46532506
46737508
46740752
46240876
46398881
46473207
46619601
46541070
46245368
46310059
46438153
46537498
46456133
46202116
46593634
46726272
47074164
46572939
46874017
46475452
46315360
46589521
46678779
46609015
46861207
46529729
46733734
46667415
46798266
46684194
46821540
47187511
46464620
46729599
46739079
46968831
46510660
46496192
46378742
46389379
46631556
46716820
47059974
47081830
46905058
46688394
46804393
46810380
46588069
46444687
46882357
46531135
47104836
46775675
46484408
47010355
46810081
46733436
46833781
46932250
46702772
46793539
46774530
47078898
46867206
46627050
46592634
46819104
46806736
47118396
46877782
46834467
46788098
47014189
46829498
47211503
47243587
46667955
46956493
47097090
47964428
47365820
46771317
47133242
46936156
47155971
46996729
47400181
46922643
46825621
46905494
47292194
46920382
47350073
47028722
47093731
47103807
47222540
47209524
46903354
46982794
46874904
47308352
47314977
47199338
47499892
47055655
46896662
47022711
47145974
47677837
47022257
47479183
46971866
47218698
47409610
47579419
47069005
47211132
47137887
47140275
46937715
47243688
47249187
46939751
47295923
47356970
47384279
47194885
47490739
47402949
46994230
47160411
47023694
47251260
47281968
47259988
47336622
47311222
47376602
47471072
47250239
47502578
47045828
47440052
47451254
47407402
47462840
47408397
47638169
47509734
47406734
47332732
47582455
47265039
47458748
47186152
47647726
47773931
47454126
47085462
47284030
47662329
47739716
47469752
47583573
47615277
47341005
47461810
47391746
47587645
47588392
47227104
47582111
47836136
47709055
47805049
47347586
47270345
47579023
47619602
47340342
47438713
47402443
47260898
47556415
47902393
47670806
47593940
47391445
47714816
47250463
47362554
47486840
47405713
47685946
47518624
47453566
47450094
47710076
47509881
47703167
47722907
47509442
47419613
48601119
47602418
47334595
47655496
47758334
47651055
47828699
47547463
47471517
47707731
47461246
47557068
47693568
47544649
47612021
47635003
47501175
47555880
47615066
47393571
47777411
47669967
47797486
47702382
47751220
47640270
47650757
47846980
47753346
47799514
47765271
47823682
47448271
47600841
47594713
47691026
47635639
47890456
47669859
47793451
47969252
47838646
47736050
48099610
47819155
47641189
47736878
47972301
48099891
47636614
47964882
47739555
47911585
47928305
47956069
47811359
47889423
47779662
47758996
48187452
47765022
47947000
47823910
47813671
48040837
47797547
48028050
47912303
47968103
47928085
48092111
48035723
48163610
47883353
47894274
47939766
48170565
48422817
48257594
48092632
47890715
48083136
48038416
47929836
48047445
47960380
48052380
48029866
48126965
48333074
48205115
48274228
48139523
48416677
48138035
48288397
48332304
48370539
48284088
48272775
48257112
48258584
48268764
48356846
48210673
48423942
48291912
48505885
48446349
48454506
48144380
48226288
48101928
48147007
48089244
48437272
48338621
48198850
48109410
48355392
48231274
48188004
48523408
48700690
48412345
48287980
48308170
48501435
48203074
48125394
48213233
48529757
48460121
48106864
48716663
48509185
48668978
48339234
48328293
48243474
48221883
48438735
48374036
48259165
48497392
48401212
48803587
48652300
48483021
48715741
48631811
48552482
48777636
48702624
48290748
48506709
48542751
48992919
48465854
48711561
48715678
48712892
48572524
48537643
48529060
48436493
48733382
48650256
48761328
48503925
48342209
48591914
48411814
48493124
48388047
48481666
48531557
48830403
48536400
48802119
48727857
48891404
48872949
48917599
48582481
48680629
48632362
48649906
48463417
48743812
48600092
48523379
48787081
48542994
48822838
48705030
48747605
48724489
48717120
48694139
48750471
48741235
48755659
48679957
48831411
48590961
48791345
48759789
48903213
48643486
48812521
48793378
48795426
48950155
48682430
48929943
48665540
48878687
48872177
48815593
48802503
49003058
48907579
49076724
48795089
48805744
48876090
48867908
48715879
49005278
48931057
49391763
48834080
48702492
48616154
48874277
48979356
49045352
48837353
49052312
49020442
49051574
48853370
48875994
49063818
48817756
49005702
49154364
48999442
48824603
49257031
48773328
48736134
48959109
48975866
48715696
49241191
48971895
49111135
48949216
48938053
48859309
48834765
49062795
49323031
48961154
49092616
49477047
49262270
49137699
49065766
48944559
48803414
49250208
49062125
49044297
49069951
49082788
49234506
48787660
49098947
49273919
49244840
49255012
49114969
49181262
49102198
49233550
49284145
48980167
49470342
49233365
49014876
49089755
49251247
49152051
49143822
49118952
49273028
49131943
49268562
48811988
49362506
49172503
49015585
49526494
49116807
49138714
49321339
49309554
49394152
49350476
49057689
49489247
49088710
49476734
49519130
49538414
49106043
49485655
48926496
49190518
49303236
49167531
49345618
49250859
49342331
49455610
49176825
49207711
49332487
49388133
49468879
49634176
49632207
49477026
49265351
49259609
49655216
49342231
49263435
49201502
49802992
49586976
49282341
49128961
49450172
49493087
49254212
49342320
49496200
49663457
49542335
49419096
49377455
49543623
49333032
49415521
49321721
49568137
49462171
49312259
49391035
49236805
49481163
49639949
49347639
49293285
49455293
49375560
49638562
49526102
49667564
49798380
49453569
49133762
49424582
49565331
49308650
49318746
49326973
49517009
49670436
49483068
49355621
49439808
49692089
49737058
49597806
49620558
49742640
49537804
49718216
49475439
49601344
49749359
49800359
49677488
49579415
49757761
49602128
49726820
49912137
49563934
49608446
50364464
49770806
49651722
49781464
49997870
49494999
49696102
49729787
49743720
49652928
49666798
50096966
50039887
50226206
49756173
49705272
50146623
49838659
49799285
49702709
49664123
49719193
49808777
49831850
49755358
49863564
49663836
49801095
50047165
49735332
50045505
49777888
49923382
50158943
49834032
49941128
49862947
49961906
49974672
50261416
49896120
49860850
50055127
50112572
49981763
50237477
49862317
49859735
49813119
50191367
50402226
50111225
50249161
50451015
50220533
50413185
50008119
50154558
49981195
50121200
50060075
50116543
50169036
50364018
50159431
50163508
50446501
50143062
50278427
50379089
50177639
50235924
50439887
50186489
50423822
50001492
50062537
50352651
50172274
50182747
50306685
50492426
50209201
50262088
50602394
50482286
50354115
50164490
50263434
50592540
50182505
50344876
50280142
50208909
50752197
50400220
50303963
50334317
50300858
50422917
50391051
50217090
50289047
50304805
50234650
50411283
50324742
50368413
50561951
50229010
50441737
50299751
50483872
50500054
50690885
50230914
50595038
50298734
50286654
50387305
50509902
50756145
50625448
50241345
50255258
50684038
50500078
50351893
50707206
50542932
51259164
50492951
50312616
50418779
50458818
50513844
50494017
50410503
50603714
50487365
50757826
50652452
50308797
50972785
50770025
50521415
50687936
50505224
50326629
50258300
50546267
50533941
50552569
50262403
50471999
50548181
50621039
50732150
50306423
50623161
50624658
50561398
50400271
50847076
50746087
50476187
50592705
50650333
50639339
50737137
50647674
50603906
50792851
50810149
50833547
50896477
50900685
50577728
50379303
50510284
50744894
50973903
50574573
50618542
50805596
50737738
51172061
51010589
50576199
50698088
50550826
50835765
50423417
51020695
50902405
50913145
51024409
50617441
51079472
50806128
50702221
50751391
50621463
50787664
50805379
50811333
51058167
50806511
50708617
51105018
51033393
51266263
50984207
50606549
51033196
50862353
50818150
50848607
50553230
51119474
50880724
50945691
50838059
51126963
50807083
51046024
50888858
51049691
50709321
50780785
51021613
51237561
50830491
51067091
50741096
50827720
51043475
50757316
51082131
51278579
51125735
50930574
51285340
51230165
51139453
51076574
50825933
51057024
51005474
50771088
50988733
51267315
51240684
51180503
51187968
51073414
51225750
51136234
50957053
51255338
51261209
51138851
50843704
51179342
50831899
51344322
51174208
51432660
51119010
51051618
50837185
51114897
51345302
51165165
51270076
51336811
51618781
51395342
51020407
51270099
51420520
51250340
51398750
50930155
50993467
51547328
51282787
51309085
51244949
51113821
51099651
51134648
51335361
50990942
51535141
51937959
51219083
51121256
51651802
51523320
51472831
51522808
51176562
51582691
51505555
51530870
51570456
51706359
51471631
51729494
51242796
51589173
51243808
51486850
51393761
51170954
51694237
51590909
51536600
51649800
51499643
51883474
52023999
51808309
51484535
51810032
51654494
51333690
51468941
51737692
51442598
51490436
51719735
51802640
51751303
51401401
51421170
51836938
51827412
51655443
51461076
51505023
51606363
51353226
51312250
51400161
51530699
51768897
51635608
51727744
51705898
51703645
52014185
51668834
51707432
51910583
51534680
51916328
51401429
51900392
51790297
51434061
51537499
51808536
51557526
51872131
51561845
51450231
51966861
51438700
51853335
51581565
