352517
367528
378560
309068
330535
343307
342830
341873
362466
294777
375384
364217
381105
337469
244724
334458
338796
349805
284783
321433
328424
290268
287104
321448
304528
309732
303360
260856
269745
303467
373521
408209
302388
365928
313076
389295
139845
178420
258826
383881
298168
305436
300663
337725
338605
273736
320892
317957
268082
191786
403501
318661
290116
308949
331970
339913
328933
376457
307018
13394
322917
317473
409176
388361
309885
387501
320911
394185
435071
325672
264981
322137
403370
275080
177024
402125
320173
311162
311693
293369
459655
295488
292464
256703
345263
336322
361161
409243
383606
363816
414099
197287
306888
435171
341520
314509
349980
348377
169632
304954
327119
300658
253509
333931
299640
423195
387281
309110
393515
343176
322214
325112
403626
289152
395284
284421
350292
340711
422674
329682
209621
367853
305382
310385
393639
350505
242445
322083
302002
404389
377371
326072
335359
288745
326615
392857
127213
285129
343079
305340
344213
296146
380396
168766
347622
387710
322280
274301
287389
316881
379574
316734
392165
145830
328921
314990
268682
281001
275882
294338
242451
308834
289265
341028
332778
324274
332390
388455
403035
277566
311542
316764
319206
138694
302845
268355
271030
399009
256788
351401
373386
306000
330483
318095
309346
358417
275637
296159
410054
293337
274494
306224
305453
319607
342566
326857
171279
311779
265918
280720
365395
140136
388763
312708
345816
279350
330925
312363
368691
309892
309953
334709
350151
338699
415747
275347
389027
295848
197364
190210
344562
225839
387322
375963
320754
309122
310561
331897
283297
285960
401336
402878
343194
411565
296766
307920
307009
387879
403508
399942
311536
247614
187703
364511
378002
348445
340911
313895
305597
397417
157276
352389
337456
392059
321396
175041
317376
347701
435953
145602
275767
347147
288741
305924
306805
295312
342587
335204
306470
441209
263028
340984
357614
340288
316949
366070
343018
321194
420772
331991
323623
339196
389039
295890
328869
356992
305938
302318
388696
290893
320754
333341
407752
354643
373427
368129
214218
313792
425643
352891
193155
334900
206707
279651
267616
280285
291849
403713
164369
272400
408843
355766
319020
383689
335558
293332
323099
279189
293149
411185
282461
293257
308450
353578
360999
332794
257277
325901
333132
292373
285804
274228
299463
261974
387919
297461
388761
371148
311344
309794
386943
160222
393609
405228
436037
349050
421978
341303
310861
290860
404267
358437
420445
305307
366507
333502
354574
127717
306504
287623
338012
299218
402029
329404
396005
157318
325287
336352
357220
370865
281554
314018
343649
307164
294542
332290
290352
295449
342589
288264
359380
327862
270895
174935
311789
206981
365441
225060
356674
334108
328818
154582
337934
310232
302784
321764
332760
252920
324473
299074
428808
307567
358172
193764
383163
396346
271234
288069
366124
287987
278799
136088
268914
281279
363591
359227
283688
185312
456318
311600
365930
302253
323737
344080
348949
423168
325799
150716
412236
303652
270720
377275
285905
159266
314886
384213
368047
345856
243126
352024
309848
374826
415980
359193
308705
357715
173569
411885
291802
323342
386570
157531
402201
378213
348597
269064
338643
329387
307896
382238
355722
431419
393104
274264
364222
368818
343212
308379
333131
319773
326315
307428
374700
311047
319050
395994
280236
399991
276266
316882
388982
321866
275069
351128
344589
273245
391833
310594
169946
408261
382865
288452
315321
330074
306799
352091
290717
275312
392635
374638
268196
303635
281323
294242
344378
333025
274273
341988
320817
358082
296809
287220
168136
318210
257169
362743
321457
399951
364635
342811
357320
268703
257453
317585
260648
246555
355947
371878
153952
298408
307145
269892
379876
265751
297962
315804
255387
325712
276884
399343
141682
362397
328383
276900
360011
318742
379072
291378
383606
390918
378455
282738
363241
324567
316433
296064
336964
380563
304887
287745
290107
257706
179084
274577
284814
324700
356172
326293
425357
390753
151331
311492
288257
331263
325184
193500
267201
293344
325552
269227
253419
350559
343815
145291
435905
369881
285988
378255
191215
400107
313540
322394
368059
288000
346785
363027
348852
288408
345097
285660
303963
408055
396552
240077
455720
286367
306870
389531
373838
308773
387009
304438
343997
255717
323550
295172
159912
381736
370041
334227
298358
283550
416841
270013
401824
294949
305119
407143
286601
312218
384533
310170
310153
335891
173857
361595
313049
349955
349395
354976
311350
428690
338991
357497
306334
301639
256138
414457
247579
292187
377225
295990
329511
405649
367479
358133
234912
227729
382929
419196
330661
255556
262147
384424
270071
308583
317225
269079
291603
363249
406130
347414
366533
290019
341973
401982
349301
354215
328159
355465
282175
329808
410533
275642
356022
353489
324581
309670
294300
374597
299446
299253
365892
330183
337978
379735
323870
293369
299629
295690
173621
260874
294817
313108
294448
415217
326585
361495
290922
384567
368328
19582
266128
323806
327039
336809
235891
329445
366963
280775
397085
261356
280256
312656
389388
308171
218143
311487
310106
346636
309949
269656
287062
322926
365339
270545
157767
309989
272828
341903
280058
158534
202909
169694
347947
153246
318419
388917
377045
322277
153539
311703
384146
320427
312176
290873
329655
359034
360574
385236
389031
322082
294603
177114
298427
201868
301071
308372
179639
356622
262490
288139
316954
386326
364676
327163
369205
412574
344683
325738
287523
331178
386094
314975
376418
161091
390279
320779
407082
341612
385371
288343
381891
318623
345314
393317
335297
313521
300831
379715
342810
336633
299776
343886
242043
359286
351663
277821
311022
247757
315094
270386
401329
346473
262810
285214
326151
139560
352075
359256
318865
296127
338987
381634
299913
406472
384613
292064
299107
325195
306636
349350
316991
337979
312665
324329
205314
293963
319059
263978
312877
362933
270484
301948
340485
339514
322247
363649
390531
230703
243127
328096
249998
322590
378421
394061
302162
210357
398008
377171
360699
311523
322328
338884
382789
301401
371608
322172
374178
319518
360879
346618
369693
286175
256482
336612
298516
378144
332140
347619
363479
340927
323212
323897
389835
299585
328801
338364
288804
293066
156160
291257
308526
338703
285410
389799
303380
175513
321073
378742
394481
401431
346786
311807
248741
311174
405848
393042
316612
294635
312606
256017
382959
166245
267890
273588
271635
270261
275751
456750
324344
188778
326227
297020
215696
352009
217273
322595
299880
387048
343037
235543
276374
318713
289809
286338
338401
320662
357433
335093
326593
208298
308308
393860
303480
296747
154349
239638
272043
365506
364867
355159
362110
270279
366840
295123
292939
321512
369939
306559
185336
308026
274125
357157
358728
167481
369532
300599
322549
323528
225653
279221
344305
332441
362858
399862
281569
285892
353057
337455
406982
351596
297569
378738
311279
325127
338598
263533
351873
341940
381708
323241
339007
425880
327804
212917
364122
390399
375712
